<?xml version="1.0" encoding="utf-8" standalone="no"?>
<test-results xmlns:xsi="http://www.w3.org/2001/XMLSchema-instance" xsi:noNamespaceSchemaLocation="nunit_schema_2.5.xsd" name="Pester" total="671" errors="0" failures="0" not-run="0" inconclusive="0" ignored="0" skipped="0" invalid="0" date="2017-07-08" time="20:28:17">
  <environment user="ferga" machine-name="DESKTOP-PC1JBHQ" cwd="C:\code\CredentialStore" user-domain="DESKTOP-PC1JBHQ" platform="Microsoft Windows 10 Pro|C:\WINDOWS|\Device\Harddisk0\Partition2" nunit-version="2.5.8.0" os-version="10.0.15063" clr-version="4.0.30319.42000" />
  <culture-info current-culture="en-AU" current-uiculture="en-US" />
  <test-suite type="TestFixture" name="Pester" executed="True" result="Success" success="True" time="40.4375" asserts="0" description="Pester">
    <results>
      <test-suite type="TestFixture" name="C:\code\CredentialStore\modules\CredentialStore\tests\Get-CsCredential.Tests.ps1" executed="True" result="Success" success="True" time="0.4534" asserts="0" description="C:\code\CredentialStore\modules\CredentialStore\tests\Get-CsCredential.Tests.ps1">
        <results>
          <test-suite type="TestFixture" name="Get-CsCredential" executed="True" result="Success" success="True" time="0.4534" asserts="0" description="Get-CsCredential">
            <results>
              <test-suite type="TestFixture" name="Get a single Credential" executed="True" result="Success" success="True" time="0.2699" asserts="0" description="Get a single Credential">
                <results>
                  <test-case description="should get a single user" name="Get-CsCredential.Get a single Credential.should get a single user" time="0.2699" asserts="0" success="True" result="Success" executed="True" />
                </results>
              </test-suite>
              <test-suite type="TestFixture" name="Credential does not exist" executed="True" result="Success" success="True" time="0.1183" asserts="0" description="Credential does not exist">
                <results>
                  <test-case description="should throw a exception" name="Get-CsCredential.Credential does not exist.should throw a exception" time="0.1183" asserts="0" success="True" result="Success" executed="True" />
                </results>
              </test-suite>
              <test-suite type="TestFixture" name="CredentialStore file does not exist" executed="True" result="Success" success="True" time="0.0653" asserts="0" description="CredentialStore file does not exist">
                <results>
                  <test-case description="should throw a validation exception" name="Get-CsCredential.CredentialStore file does not exist.should throw a validation exception" time="0.0653" asserts="0" success="True" result="Success" executed="True" />
                </results>
              </test-suite>
            </results>
          </test-suite>
        </results>
      </test-suite>
      <test-suite type="TestFixture" name="C:\code\CredentialStore\modules\CredentialStore\tests\Get-CsEntry.Tests.ps1" executed="True" result="Success" success="True" time="1.1564" asserts="0" description="C:\code\CredentialStore\modules\CredentialStore\tests\Get-CsEntry.Tests.ps1">
        <results>
          <test-suite type="TestFixture" name="Get-CsEntry" executed="True" result="Success" success="True" time="1.1564" asserts="0" description="Get-CsEntry">
            <results>
              <test-suite type="TestFixture" name="Get all the Entries" executed="True" result="Success" success="True" time="0.5267" asserts="0" description="Get all the Entries">
                <results>
                  <test-case description="should get all the entries" name="Get-CsEntry.Get all the Entries.should get all the entries" time="0.5267" asserts="0" success="True" result="Success" executed="True" />
                </results>
              </test-suite>
              <test-suite type="TestFixture" name="Getting entries by Name" executed="True" result="Success" success="True" time="0.3104" asserts="0" description="Getting entries by Name">
                <results>
                  <test-case description="should be able to get an entry by its exact name" name="Get-CsEntry.Getting entries by Name.should be able to get an entry by its exact name" time="0.1385" asserts="0" success="True" result="Success" executed="True" />
                  <test-case description="should be able to get an entries by regex pattern" name="Get-CsEntry.Getting entries by Name.should be able to get an entries by regex pattern" time="0.0878" asserts="0" success="True" result="Success" executed="True" />
                  <test-case description="should be able to get an entries by any regex pattern in name array" name="Get-CsEntry.Getting entries by Name.should be able to get an entries by any regex pattern in name array" time="0.0841" asserts="0" success="True" result="Success" executed="True" />
                </results>
              </test-suite>
              <test-suite type="TestFixture" name="CredentialStore file does not exist" executed="True" result="Success" success="True" time="0.0755" asserts="0" description="CredentialStore file does not exist">
                <results>
                  <test-case description="should throw a validation exception" name="Get-CsEntry.CredentialStore file does not exist.should throw a validation exception" time="0.0755" asserts="0" success="True" result="Success" executed="True" />
                </results>
              </test-suite>
              <test-suite type="TestFixture" name="CredentialStore is for a different user" executed="True" result="Success" success="True" time="0.1133" asserts="0" description="CredentialStore is for a different user">
                <results>
                  <test-case description="should throw a exception" name="Get-CsEntry.CredentialStore is for a different user.should throw a exception" time="0.1133" asserts="0" success="True" result="Success" executed="True" />
                </results>
              </test-suite>
              <test-suite type="TestFixture" name="CredentialStore is for a different computer" executed="True" result="Success" success="True" time="0.1305" asserts="0" description="CredentialStore is for a different computer">
                <results>
                  <test-case description="should throw a exception" name="Get-CsEntry.CredentialStore is for a different computer.should throw a exception" time="0.1305" asserts="0" success="True" result="Success" executed="True" />
                </results>
              </test-suite>
            </results>
          </test-suite>
        </results>
      </test-suite>
      <test-suite type="TestFixture" name="C:\code\CredentialStore\modules\CredentialStore\tests\Get-CsPassword.Tests.ps1" executed="True" result="Success" success="True" time="0.8378" asserts="0" description="C:\code\CredentialStore\modules\CredentialStore\tests\Get-CsPassword.Tests.ps1">
        <results>
          <test-suite type="TestFixture" name="Get-CsPassword" executed="True" result="Success" success="True" time="0.8378" asserts="0" description="Get-CsPassword">
            <results>
              <test-suite type="TestFixture" name="Get a single Password" executed="True" result="Success" success="True" time="0.4222" asserts="0" description="Get a single Password">
                <results>
                  <test-case description="should get a single Password" name="Get-CsPassword.Get a single Password.should get a single Password" time="0.4222" asserts="0" success="True" result="Success" executed="True" />
                </results>
              </test-suite>
              <test-suite type="TestFixture" name="Get a single raw Password" executed="True" result="Success" success="True" time="0.1608" asserts="0" description="Get a single raw Password">
                <results>
                  <test-case description="should get a single Password" name="Get-CsPassword.Get a single raw Password.should get a single Password" time="0.1608" asserts="0" success="True" result="Success" executed="True" />
                </results>
              </test-suite>
              <test-suite type="TestFixture" name="Entry does not exist" executed="True" result="Success" success="True" time="0.178" asserts="0" description="Entry does not exist">
                <results>
                  <test-case description="should throw a exception" name="Get-CsPassword.Entry does not exist.should throw a exception" time="0.178" asserts="0" success="True" result="Success" executed="True" />
                </results>
              </test-suite>
              <test-suite type="TestFixture" name="CredentialStore file does not exist" executed="True" result="Success" success="True" time="0.0768" asserts="0" description="CredentialStore file does not exist">
                <results>
                  <test-case description="should throw a validation exception" name="Get-CsPassword.CredentialStore file does not exist.should throw a validation exception" time="0.0768" asserts="0" success="True" result="Success" executed="True" />
                </results>
              </test-suite>
            </results>
          </test-suite>
        </results>
      </test-suite>
      <test-suite type="TestFixture" name="C:\code\CredentialStore\modules\CredentialStore\tests\Initialize-CsStore.Tests.ps1" executed="True" result="Success" success="True" time="0.574" asserts="0" description="C:\code\CredentialStore\modules\CredentialStore\tests\Initialize-CsStore.Tests.ps1">
        <results>
          <test-suite type="TestFixture" name="Initialize-CsStore" executed="True" result="Success" success="True" time="0.574" asserts="0" description="Initialize-CsStore">
            <results>
              <test-suite type="TestFixture" name="Create a new CredentialStore file" executed="True" result="Success" success="True" time="0.2096" asserts="0" description="Create a new CredentialStore file">
                <results>
                  <test-case description="should create a new CredentialStore file" name="Initialize-CsStore.Create a new CredentialStore file.should create a new CredentialStore file" time="0.189" asserts="0" success="True" result="Success" executed="True" />
                  <test-case description="should contain an empty credentials collection" name="Initialize-CsStore.Create a new CredentialStore file.should contain an empty credentials collection" time="0.0206" asserts="0" success="True" result="Success" executed="True" />
                </results>
              </test-suite>
              <test-suite type="TestFixture" name="File already exists exist" executed="True" result="Success" success="True" time="0.1077" asserts="0" description="File already exists exist">
                <results>
                  <test-case description="should throw an exception" name="Initialize-CsStore.File already exists exist.should throw an exception" time="0.1077" asserts="0" success="True" result="Success" executed="True" />
                </results>
              </test-suite>
              <test-suite type="TestFixture" name="New CredentialStore should set file meta data" executed="True" result="Success" success="True" time="0.2567" asserts="0" description="New CredentialStore should set file meta data">
                <results>
                  <test-case description="should set the username" name="Initialize-CsStore.New CredentialStore should set file meta data.should set the username" time="0.184" asserts="0" success="True" result="Success" executed="True" />
                  <test-case description="should set the computer name" name="Initialize-CsStore.New CredentialStore should set file meta data.should set the computer name" time="0.0224" asserts="0" success="True" result="Success" executed="True" />
                  <test-case description="should set the created date" name="Initialize-CsStore.New CredentialStore should set file meta data.should set the created date" time="0.0503" asserts="0" success="True" result="Success" executed="True" />
                </results>
              </test-suite>
            </results>
          </test-suite>
        </results>
      </test-suite>
      <test-suite type="TestFixture" name="C:\code\CredentialStore\modules\CredentialStore\tests\PSScriptAnalyzer.Tests.ps1" executed="True" result="Success" success="True" time="24.0884" asserts="0" description="C:\code\CredentialStore\modules\CredentialStore\tests\PSScriptAnalyzer.Tests.ps1">
        <results>
          <test-suite type="TestFixture" name="Testing all Modules against default PSScriptAnalyzer rule-set" executed="True" result="Success" success="True" time="2.4325" asserts="0" description="Testing all Modules against default PSScriptAnalyzer rule-set">
            <results>
              <test-suite type="TestFixture" name="Testing Module 'C:\code\CredentialStore\modules\CredentialStore\CredentialStore.psm1'" executed="True" result="Success" success="True" time="2.4325" asserts="0" description="Testing Module 'C:\code\CredentialStore\modules\CredentialStore\CredentialStore.psm1'">
                <results>
                  <test-case description="passes the PSScriptAnalyzer Rule PSAvoidUsingCmdletAliases" name="Testing all Modules against default PSScriptAnalyzer rule-set.Testing Module 'C:\code\CredentialStore\modules\CredentialStore\CredentialStore.psm1'.passes the PSScriptAnalyzer Rule PSAvoidUsingCmdletAliases" time="0.1848" asserts="0" success="True" result="Success" executed="True" />
                  <test-case description="passes the PSScriptAnalyzer Rule PSAvoidDefaultValueSwitchParameter" name="Testing all Modules against default PSScriptAnalyzer rule-set.Testing Module 'C:\code\CredentialStore\modules\CredentialStore\CredentialStore.psm1'.passes the PSScriptAnalyzer Rule PSAvoidDefaultValueSwitchParameter" time="0.0436" asserts="0" success="True" result="Success" executed="True" />
                  <test-case description="passes the PSScriptAnalyzer Rule PSAvoidUsingEmptyCatchBlock" name="Testing all Modules against default PSScriptAnalyzer rule-set.Testing Module 'C:\code\CredentialStore\modules\CredentialStore\CredentialStore.psm1'.passes the PSScriptAnalyzer Rule PSAvoidUsingEmptyCatchBlock" time="0.0372" asserts="0" success="True" result="Success" executed="True" />
                  <test-case description="passes the PSScriptAnalyzer Rule PSAvoidGlobalVars" name="Testing all Modules against default PSScriptAnalyzer rule-set.Testing Module 'C:\code\CredentialStore\modules\CredentialStore\CredentialStore.psm1'.passes the PSScriptAnalyzer Rule PSAvoidGlobalVars" time="0.0368" asserts="0" success="True" result="Success" executed="True" />
                  <test-case description="passes the PSScriptAnalyzer Rule PSAvoidInvokingEmptyMembers" name="Testing all Modules against default PSScriptAnalyzer rule-set.Testing Module 'C:\code\CredentialStore\modules\CredentialStore\CredentialStore.psm1'.passes the PSScriptAnalyzer Rule PSAvoidInvokingEmptyMembers" time="0.042" asserts="0" success="True" result="Success" executed="True" />
                  <test-case description="passes the PSScriptAnalyzer Rule PSAvoidNullOrEmptyHelpMessageAttribute" name="Testing all Modules against default PSScriptAnalyzer rule-set.Testing Module 'C:\code\CredentialStore\modules\CredentialStore\CredentialStore.psm1'.passes the PSScriptAnalyzer Rule PSAvoidNullOrEmptyHelpMessageAttribute" time="0.0336" asserts="0" success="True" result="Success" executed="True" />
                  <test-case description="passes the PSScriptAnalyzer Rule PSAvoidUsingPositionalParameters" name="Testing all Modules against default PSScriptAnalyzer rule-set.Testing Module 'C:\code\CredentialStore\modules\CredentialStore\CredentialStore.psm1'.passes the PSScriptAnalyzer Rule PSAvoidUsingPositionalParameters" time="0.2929" asserts="0" success="True" result="Success" executed="True" />
                  <test-case description="passes the PSScriptAnalyzer Rule PSReservedCmdletChar" name="Testing all Modules against default PSScriptAnalyzer rule-set.Testing Module 'C:\code\CredentialStore\modules\CredentialStore\CredentialStore.psm1'.passes the PSScriptAnalyzer Rule PSReservedCmdletChar" time="0.0369" asserts="0" success="True" result="Success" executed="True" />
                  <test-case description="passes the PSScriptAnalyzer Rule PSReservedParams" name="Testing all Modules against default PSScriptAnalyzer rule-set.Testing Module 'C:\code\CredentialStore\modules\CredentialStore\CredentialStore.psm1'.passes the PSScriptAnalyzer Rule PSReservedParams" time="0.0439" asserts="0" success="True" result="Success" executed="True" />
                  <test-case description="passes the PSScriptAnalyzer Rule PSAvoidShouldContinueWithoutForce" name="Testing all Modules against default PSScriptAnalyzer rule-set.Testing Module 'C:\code\CredentialStore\modules\CredentialStore\CredentialStore.psm1'.passes the PSScriptAnalyzer Rule PSAvoidShouldContinueWithoutForce" time="0.0476" asserts="0" success="True" result="Success" executed="True" />
                  <test-case description="passes the PSScriptAnalyzer Rule PSAvoidUsingDeprecatedManifestFields" name="Testing all Modules against default PSScriptAnalyzer rule-set.Testing Module 'C:\code\CredentialStore\modules\CredentialStore\CredentialStore.psm1'.passes the PSScriptAnalyzer Rule PSAvoidUsingDeprecatedManifestFields" time="0.046" asserts="0" success="True" result="Success" executed="True" />
                  <test-case description="passes the PSScriptAnalyzer Rule PSAvoidDefaultValueForMandatoryParameter" name="Testing all Modules against default PSScriptAnalyzer rule-set.Testing Module 'C:\code\CredentialStore\modules\CredentialStore\CredentialStore.psm1'.passes the PSScriptAnalyzer Rule PSAvoidDefaultValueForMandatoryParameter" time="0.0456" asserts="0" success="True" result="Success" executed="True" />
                  <test-case description="passes the PSScriptAnalyzer Rule PSAvoidUsingUserNameAndPassWordParams" name="Testing all Modules against default PSScriptAnalyzer rule-set.Testing Module 'C:\code\CredentialStore\modules\CredentialStore\CredentialStore.psm1'.passes the PSScriptAnalyzer Rule PSAvoidUsingUserNameAndPassWordParams" time="0.0433" asserts="0" success="True" result="Success" executed="True" />
                  <test-case description="passes the PSScriptAnalyzer Rule PSAvoidUsingComputerNameHardcoded" name="Testing all Modules against default PSScriptAnalyzer rule-set.Testing Module 'C:\code\CredentialStore\modules\CredentialStore\CredentialStore.psm1'.passes the PSScriptAnalyzer Rule PSAvoidUsingComputerNameHardcoded" time="0.0493" asserts="0" success="True" result="Success" executed="True" />
                  <test-case description="passes the PSScriptAnalyzer Rule PSAvoidUsingConvertToSecureStringWithPlainText" name="Testing all Modules against default PSScriptAnalyzer rule-set.Testing Module 'C:\code\CredentialStore\modules\CredentialStore\CredentialStore.psm1'.passes the PSScriptAnalyzer Rule PSAvoidUsingConvertToSecureStringWithPlainText" time="0.0518" asserts="0" success="True" result="Success" executed="True" />
                  <test-case description="passes the PSScriptAnalyzer Rule PSAvoidUsingInvokeExpression" name="Testing all Modules against default PSScriptAnalyzer rule-set.Testing Module 'C:\code\CredentialStore\modules\CredentialStore\CredentialStore.psm1'.passes the PSScriptAnalyzer Rule PSAvoidUsingInvokeExpression" time="0.0468" asserts="0" success="True" result="Success" executed="True" />
                  <test-case description="passes the PSScriptAnalyzer Rule PSAvoidUsingPlainTextForPassword" name="Testing all Modules against default PSScriptAnalyzer rule-set.Testing Module 'C:\code\CredentialStore\modules\CredentialStore\CredentialStore.psm1'.passes the PSScriptAnalyzer Rule PSAvoidUsingPlainTextForPassword" time="0.0321" asserts="0" success="True" result="Success" executed="True" />
                  <test-case description="passes the PSScriptAnalyzer Rule PSAvoidUsingWMICmdlet" name="Testing all Modules against default PSScriptAnalyzer rule-set.Testing Module 'C:\code\CredentialStore\modules\CredentialStore\CredentialStore.psm1'.passes the PSScriptAnalyzer Rule PSAvoidUsingWMICmdlet" time="0.0432" asserts="0" success="True" result="Success" executed="True" />
                  <test-case description="passes the PSScriptAnalyzer Rule PSAvoidUsingWriteHost" name="Testing all Modules against default PSScriptAnalyzer rule-set.Testing Module 'C:\code\CredentialStore\modules\CredentialStore\CredentialStore.psm1'.passes the PSScriptAnalyzer Rule PSAvoidUsingWriteHost" time="0.0436" asserts="0" success="True" result="Success" executed="True" />
                  <test-case description="passes the PSScriptAnalyzer Rule PSMisleadingBacktick" name="Testing all Modules against default PSScriptAnalyzer rule-set.Testing Module 'C:\code\CredentialStore\modules\CredentialStore\CredentialStore.psm1'.passes the PSScriptAnalyzer Rule PSMisleadingBacktick" time="0.0328" asserts="0" success="True" result="Success" executed="True" />
                  <test-case description="passes the PSScriptAnalyzer Rule PSUseBOMForUnicodeEncodedFile" name="Testing all Modules against default PSScriptAnalyzer rule-set.Testing Module 'C:\code\CredentialStore\modules\CredentialStore\CredentialStore.psm1'.passes the PSScriptAnalyzer Rule PSUseBOMForUnicodeEncodedFile" time="0.0469" asserts="0" success="True" result="Success" executed="True" />
                  <test-case description="passes the PSScriptAnalyzer Rule PSUseToExportFieldsInManifest" name="Testing all Modules against default PSScriptAnalyzer rule-set.Testing Module 'C:\code\CredentialStore\modules\CredentialStore\CredentialStore.psm1'.passes the PSScriptAnalyzer Rule PSUseToExportFieldsInManifest" time="0.033" asserts="0" success="True" result="Success" executed="True" />
                  <test-case description="passes the PSScriptAnalyzer Rule PSUseOutputTypeCorrectly" name="Testing all Modules against default PSScriptAnalyzer rule-set.Testing Module 'C:\code\CredentialStore\modules\CredentialStore\CredentialStore.psm1'.passes the PSScriptAnalyzer Rule PSUseOutputTypeCorrectly" time="0.0369" asserts="0" success="True" result="Success" executed="True" />
                  <test-case description="passes the PSScriptAnalyzer Rule PSMissingModuleManifestField" name="Testing all Modules against default PSScriptAnalyzer rule-set.Testing Module 'C:\code\CredentialStore\modules\CredentialStore\CredentialStore.psm1'.passes the PSScriptAnalyzer Rule PSMissingModuleManifestField" time="0.0422" asserts="0" success="True" result="Success" executed="True" />
                  <test-case description="passes the PSScriptAnalyzer Rule PSPossibleIncorrectComparisonWithNull" name="Testing all Modules against default PSScriptAnalyzer rule-set.Testing Module 'C:\code\CredentialStore\modules\CredentialStore\CredentialStore.psm1'.passes the PSScriptAnalyzer Rule PSPossibleIncorrectComparisonWithNull" time="0.0373" asserts="0" success="True" result="Success" executed="True" />
                  <test-case description="passes the PSScriptAnalyzer Rule PSProvideCommentHelp" name="Testing all Modules against default PSScriptAnalyzer rule-set.Testing Module 'C:\code\CredentialStore\modules\CredentialStore\CredentialStore.psm1'.passes the PSScriptAnalyzer Rule PSProvideCommentHelp" time="0.0479" asserts="0" success="True" result="Success" executed="True" />
                  <test-case description="passes the PSScriptAnalyzer Rule PSUseApprovedVerbs" name="Testing all Modules against default PSScriptAnalyzer rule-set.Testing Module 'C:\code\CredentialStore\modules\CredentialStore\CredentialStore.psm1'.passes the PSScriptAnalyzer Rule PSUseApprovedVerbs" time="0.0312" asserts="0" success="True" result="Success" executed="True" />
                  <test-case description="passes the PSScriptAnalyzer Rule PSUseCmdletCorrectly" name="Testing all Modules against default PSScriptAnalyzer rule-set.Testing Module 'C:\code\CredentialStore\modules\CredentialStore\CredentialStore.psm1'.passes the PSScriptAnalyzer Rule PSUseCmdletCorrectly" time="0.2843" asserts="0" success="True" result="Success" executed="True" />
                  <test-case description="passes the PSScriptAnalyzer Rule PSUseDeclaredVarsMoreThanAssignments" name="Testing all Modules against default PSScriptAnalyzer rule-set.Testing Module 'C:\code\CredentialStore\modules\CredentialStore\CredentialStore.psm1'.passes the PSScriptAnalyzer Rule PSUseDeclaredVarsMoreThanAssignments" time="0.0529" asserts="0" success="True" result="Success" executed="True" />
                  <test-case description="passes the PSScriptAnalyzer Rule PSUsePSCredentialType" name="Testing all Modules against default PSScriptAnalyzer rule-set.Testing Module 'C:\code\CredentialStore\modules\CredentialStore\CredentialStore.psm1'.passes the PSScriptAnalyzer Rule PSUsePSCredentialType" time="0.0549" asserts="0" success="True" result="Success" executed="True" />
                  <test-case description="passes the PSScriptAnalyzer Rule PSShouldProcess" name="Testing all Modules against default PSScriptAnalyzer rule-set.Testing Module 'C:\code\CredentialStore\modules\CredentialStore\CredentialStore.psm1'.passes the PSScriptAnalyzer Rule PSShouldProcess" time="0.0524" asserts="0" success="True" result="Success" executed="True" />
                  <test-case description="passes the PSScriptAnalyzer Rule PSUseShouldProcessForStateChangingFunctions" name="Testing all Modules against default PSScriptAnalyzer rule-set.Testing Module 'C:\code\CredentialStore\modules\CredentialStore\CredentialStore.psm1'.passes the PSScriptAnalyzer Rule PSUseShouldProcessForStateChangingFunctions" time="0.0633" asserts="0" success="True" result="Success" executed="True" />
                  <test-case description="passes the PSScriptAnalyzer Rule PSUseSingularNouns" name="Testing all Modules against default PSScriptAnalyzer rule-set.Testing Module 'C:\code\CredentialStore\modules\CredentialStore\CredentialStore.psm1'.passes the PSScriptAnalyzer Rule PSUseSingularNouns" time="0.0845" asserts="0" success="True" result="Success" executed="True" />
                  <test-case description="passes the PSScriptAnalyzer Rule PSUseUTF8EncodingForHelpFile" name="Testing all Modules against default PSScriptAnalyzer rule-set.Testing Module 'C:\code\CredentialStore\modules\CredentialStore\CredentialStore.psm1'.passes the PSScriptAnalyzer Rule PSUseUTF8EncodingForHelpFile" time="0.0449" asserts="0" success="True" result="Success" executed="True" />
                  <test-case description="passes the PSScriptAnalyzer Rule PSDSCDscTestsPresent" name="Testing all Modules against default PSScriptAnalyzer rule-set.Testing Module 'C:\code\CredentialStore\modules\CredentialStore\CredentialStore.psm1'.passes the PSScriptAnalyzer Rule PSDSCDscTestsPresent" time="0.0375" asserts="0" success="True" result="Success" executed="True" />
                  <test-case description="passes the PSScriptAnalyzer Rule PSDSCDscExamplesPresent" name="Testing all Modules against default PSScriptAnalyzer rule-set.Testing Module 'C:\code\CredentialStore\modules\CredentialStore\CredentialStore.psm1'.passes the PSScriptAnalyzer Rule PSDSCDscExamplesPresent" time="0.0466" asserts="0" success="True" result="Success" executed="True" />
                  <test-case description="passes the PSScriptAnalyzer Rule PSDSCUseVerboseMessageInDSCResource" name="Testing all Modules against default PSScriptAnalyzer rule-set.Testing Module 'C:\code\CredentialStore\modules\CredentialStore\CredentialStore.psm1'.passes the PSScriptAnalyzer Rule PSDSCUseVerboseMessageInDSCResource" time="0.0468" asserts="0" success="True" result="Success" executed="True" />
                  <test-case description="passes the PSScriptAnalyzer Rule PSDSCUseIdenticalMandatoryParametersForDSC" name="Testing all Modules against default PSScriptAnalyzer rule-set.Testing Module 'C:\code\CredentialStore\modules\CredentialStore\CredentialStore.psm1'.passes the PSScriptAnalyzer Rule PSDSCUseIdenticalMandatoryParametersForDSC" time="0.0378" asserts="0" success="True" result="Success" executed="True" />
                  <test-case description="passes the PSScriptAnalyzer Rule PSDSCUseIdenticalParametersForDSC" name="Testing all Modules against default PSScriptAnalyzer rule-set.Testing Module 'C:\code\CredentialStore\modules\CredentialStore\CredentialStore.psm1'.passes the PSScriptAnalyzer Rule PSDSCUseIdenticalParametersForDSC" time="0.0368" asserts="0" success="True" result="Success" executed="True" />
                  <test-case description="passes the PSScriptAnalyzer Rule PSDSCStandardDSCFunctionsInResource" name="Testing all Modules against default PSScriptAnalyzer rule-set.Testing Module 'C:\code\CredentialStore\modules\CredentialStore\CredentialStore.psm1'.passes the PSScriptAnalyzer Rule PSDSCStandardDSCFunctionsInResource" time="0.0454" asserts="0" success="True" result="Success" executed="True" />
                  <test-case description="passes the PSScriptAnalyzer Rule PSDSCReturnCorrectTypesForDSCFunctions" name="Testing all Modules against default PSScriptAnalyzer rule-set.Testing Module 'C:\code\CredentialStore\modules\CredentialStore\CredentialStore.psm1'.passes the PSScriptAnalyzer Rule PSDSCReturnCorrectTypesForDSCFunctions" time="0.0351" asserts="0" success="True" result="Success" executed="True" />
                </results>
              </test-suite>
            </results>
          </test-suite>
          <test-suite type="TestFixture" name="Testing all Script against default PSScriptAnalyzer rule-set" executed="True" result="Success" success="True" time="21.6558" asserts="0" description="Testing all Script against default PSScriptAnalyzer rule-set">
            <results>
              <test-suite type="TestFixture" name="Testing Script 'C:\code\CredentialStore\modules\CredentialStore\src\Get-CsCredential.ps1'" executed="True" result="Success" success="True" time="2.2413" asserts="0" description="Testing Script 'C:\code\CredentialStore\modules\CredentialStore\src\Get-CsCredential.ps1'">
                <results>
                  <test-case description="passes the PSScriptAnalyzer Rule PSAvoidUsingCmdletAliases" name="Testing all Script against default PSScriptAnalyzer rule-set.Testing Script 'C:\code\CredentialStore\modules\CredentialStore\src\Get-CsCredential.ps1'.passes the PSScriptAnalyzer Rule PSAvoidUsingCmdletAliases" time="0.1463" asserts="0" success="True" result="Success" executed="True" />
                  <test-case description="passes the PSScriptAnalyzer Rule PSAvoidDefaultValueSwitchParameter" name="Testing all Script against default PSScriptAnalyzer rule-set.Testing Script 'C:\code\CredentialStore\modules\CredentialStore\src\Get-CsCredential.ps1'.passes the PSScriptAnalyzer Rule PSAvoidDefaultValueSwitchParameter" time="0.0514" asserts="0" success="True" result="Success" executed="True" />
                  <test-case description="passes the PSScriptAnalyzer Rule PSAvoidUsingEmptyCatchBlock" name="Testing all Script against default PSScriptAnalyzer rule-set.Testing Script 'C:\code\CredentialStore\modules\CredentialStore\src\Get-CsCredential.ps1'.passes the PSScriptAnalyzer Rule PSAvoidUsingEmptyCatchBlock" time="0.0401" asserts="0" success="True" result="Success" executed="True" />
                  <test-case description="passes the PSScriptAnalyzer Rule PSAvoidGlobalVars" name="Testing all Script against default PSScriptAnalyzer rule-set.Testing Script 'C:\code\CredentialStore\modules\CredentialStore\src\Get-CsCredential.ps1'.passes the PSScriptAnalyzer Rule PSAvoidGlobalVars" time="0.0422" asserts="0" success="True" result="Success" executed="True" />
                  <test-case description="passes the PSScriptAnalyzer Rule PSAvoidInvokingEmptyMembers" name="Testing all Script against default PSScriptAnalyzer rule-set.Testing Script 'C:\code\CredentialStore\modules\CredentialStore\src\Get-CsCredential.ps1'.passes the PSScriptAnalyzer Rule PSAvoidInvokingEmptyMembers" time="0.0407" asserts="0" success="True" result="Success" executed="True" />
                  <test-case description="passes the PSScriptAnalyzer Rule PSAvoidNullOrEmptyHelpMessageAttribute" name="Testing all Script against default PSScriptAnalyzer rule-set.Testing Script 'C:\code\CredentialStore\modules\CredentialStore\src\Get-CsCredential.ps1'.passes the PSScriptAnalyzer Rule PSAvoidNullOrEmptyHelpMessageAttribute" time="0.0425" asserts="0" success="True" result="Success" executed="True" />
                  <test-case description="passes the PSScriptAnalyzer Rule PSAvoidUsingPositionalParameters" name="Testing all Script against default PSScriptAnalyzer rule-set.Testing Script 'C:\code\CredentialStore\modules\CredentialStore\src\Get-CsCredential.ps1'.passes the PSScriptAnalyzer Rule PSAvoidUsingPositionalParameters" time="0.2947" asserts="0" success="True" result="Success" executed="True" />
                  <test-case description="passes the PSScriptAnalyzer Rule PSReservedCmdletChar" name="Testing all Script against default PSScriptAnalyzer rule-set.Testing Script 'C:\code\CredentialStore\modules\CredentialStore\src\Get-CsCredential.ps1'.passes the PSScriptAnalyzer Rule PSReservedCmdletChar" time="0.0396" asserts="0" success="True" result="Success" executed="True" />
                  <test-case description="passes the PSScriptAnalyzer Rule PSReservedParams" name="Testing all Script against default PSScriptAnalyzer rule-set.Testing Script 'C:\code\CredentialStore\modules\CredentialStore\src\Get-CsCredential.ps1'.passes the PSScriptAnalyzer Rule PSReservedParams" time="0.0391" asserts="0" success="True" result="Success" executed="True" />
                  <test-case description="passes the PSScriptAnalyzer Rule PSAvoidShouldContinueWithoutForce" name="Testing all Script against default PSScriptAnalyzer rule-set.Testing Script 'C:\code\CredentialStore\modules\CredentialStore\src\Get-CsCredential.ps1'.passes the PSScriptAnalyzer Rule PSAvoidShouldContinueWithoutForce" time="0.0503" asserts="0" success="True" result="Success" executed="True" />
                  <test-case description="passes the PSScriptAnalyzer Rule PSAvoidUsingDeprecatedManifestFields" name="Testing all Script against default PSScriptAnalyzer rule-set.Testing Script 'C:\code\CredentialStore\modules\CredentialStore\src\Get-CsCredential.ps1'.passes the PSScriptAnalyzer Rule PSAvoidUsingDeprecatedManifestFields" time="0.0401" asserts="0" success="True" result="Success" executed="True" />
                  <test-case description="passes the PSScriptAnalyzer Rule PSAvoidDefaultValueForMandatoryParameter" name="Testing all Script against default PSScriptAnalyzer rule-set.Testing Script 'C:\code\CredentialStore\modules\CredentialStore\src\Get-CsCredential.ps1'.passes the PSScriptAnalyzer Rule PSAvoidDefaultValueForMandatoryParameter" time="0.0357" asserts="0" success="True" result="Success" executed="True" />
                  <test-case description="passes the PSScriptAnalyzer Rule PSAvoidUsingUserNameAndPassWordParams" name="Testing all Script against default PSScriptAnalyzer rule-set.Testing Script 'C:\code\CredentialStore\modules\CredentialStore\src\Get-CsCredential.ps1'.passes the PSScriptAnalyzer Rule PSAvoidUsingUserNameAndPassWordParams" time="0.037" asserts="0" success="True" result="Success" executed="True" />
                  <test-case description="passes the PSScriptAnalyzer Rule PSAvoidUsingComputerNameHardcoded" name="Testing all Script against default PSScriptAnalyzer rule-set.Testing Script 'C:\code\CredentialStore\modules\CredentialStore\src\Get-CsCredential.ps1'.passes the PSScriptAnalyzer Rule PSAvoidUsingComputerNameHardcoded" time="0.0343" asserts="0" success="True" result="Success" executed="True" />
                  <test-case description="passes the PSScriptAnalyzer Rule PSAvoidUsingConvertToSecureStringWithPlainText" name="Testing all Script against default PSScriptAnalyzer rule-set.Testing Script 'C:\code\CredentialStore\modules\CredentialStore\src\Get-CsCredential.ps1'.passes the PSScriptAnalyzer Rule PSAvoidUsingConvertToSecureStringWithPlainText" time="0.0452" asserts="0" success="True" result="Success" executed="True" />
                  <test-case description="passes the PSScriptAnalyzer Rule PSAvoidUsingInvokeExpression" name="Testing all Script against default PSScriptAnalyzer rule-set.Testing Script 'C:\code\CredentialStore\modules\CredentialStore\src\Get-CsCredential.ps1'.passes the PSScriptAnalyzer Rule PSAvoidUsingInvokeExpression" time="0.0367" asserts="0" success="True" result="Success" executed="True" />
                  <test-case description="passes the PSScriptAnalyzer Rule PSAvoidUsingPlainTextForPassword" name="Testing all Script against default PSScriptAnalyzer rule-set.Testing Script 'C:\code\CredentialStore\modules\CredentialStore\src\Get-CsCredential.ps1'.passes the PSScriptAnalyzer Rule PSAvoidUsingPlainTextForPassword" time="0.0423" asserts="0" success="True" result="Success" executed="True" />
                  <test-case description="passes the PSScriptAnalyzer Rule PSAvoidUsingWMICmdlet" name="Testing all Script against default PSScriptAnalyzer rule-set.Testing Script 'C:\code\CredentialStore\modules\CredentialStore\src\Get-CsCredential.ps1'.passes the PSScriptAnalyzer Rule PSAvoidUsingWMICmdlet" time="0.0335" asserts="0" success="True" result="Success" executed="True" />
                  <test-case description="passes the PSScriptAnalyzer Rule PSAvoidUsingWriteHost" name="Testing all Script against default PSScriptAnalyzer rule-set.Testing Script 'C:\code\CredentialStore\modules\CredentialStore\src\Get-CsCredential.ps1'.passes the PSScriptAnalyzer Rule PSAvoidUsingWriteHost" time="0.0221" asserts="0" success="True" result="Success" executed="True" />
                  <test-case description="passes the PSScriptAnalyzer Rule PSMisleadingBacktick" name="Testing all Script against default PSScriptAnalyzer rule-set.Testing Script 'C:\code\CredentialStore\modules\CredentialStore\src\Get-CsCredential.ps1'.passes the PSScriptAnalyzer Rule PSMisleadingBacktick" time="0.0462" asserts="0" success="True" result="Success" executed="True" />
                  <test-case description="passes the PSScriptAnalyzer Rule PSUseBOMForUnicodeEncodedFile" name="Testing all Script against default PSScriptAnalyzer rule-set.Testing Script 'C:\code\CredentialStore\modules\CredentialStore\src\Get-CsCredential.ps1'.passes the PSScriptAnalyzer Rule PSUseBOMForUnicodeEncodedFile" time="0.038" asserts="0" success="True" result="Success" executed="True" />
                  <test-case description="passes the PSScriptAnalyzer Rule PSUseToExportFieldsInManifest" name="Testing all Script against default PSScriptAnalyzer rule-set.Testing Script 'C:\code\CredentialStore\modules\CredentialStore\src\Get-CsCredential.ps1'.passes the PSScriptAnalyzer Rule PSUseToExportFieldsInManifest" time="0.0386" asserts="0" success="True" result="Success" executed="True" />
                  <test-case description="passes the PSScriptAnalyzer Rule PSUseOutputTypeCorrectly" name="Testing all Script against default PSScriptAnalyzer rule-set.Testing Script 'C:\code\CredentialStore\modules\CredentialStore\src\Get-CsCredential.ps1'.passes the PSScriptAnalyzer Rule PSUseOutputTypeCorrectly" time="0.0433" asserts="0" success="True" result="Success" executed="True" />
                  <test-case description="passes the PSScriptAnalyzer Rule PSMissingModuleManifestField" name="Testing all Script against default PSScriptAnalyzer rule-set.Testing Script 'C:\code\CredentialStore\modules\CredentialStore\src\Get-CsCredential.ps1'.passes the PSScriptAnalyzer Rule PSMissingModuleManifestField" time="0.0468" asserts="0" success="True" result="Success" executed="True" />
                  <test-case description="passes the PSScriptAnalyzer Rule PSPossibleIncorrectComparisonWithNull" name="Testing all Script against default PSScriptAnalyzer rule-set.Testing Script 'C:\code\CredentialStore\modules\CredentialStore\src\Get-CsCredential.ps1'.passes the PSScriptAnalyzer Rule PSPossibleIncorrectComparisonWithNull" time="0.0339" asserts="0" success="True" result="Success" executed="True" />
                  <test-case description="passes the PSScriptAnalyzer Rule PSProvideCommentHelp" name="Testing all Script against default PSScriptAnalyzer rule-set.Testing Script 'C:\code\CredentialStore\modules\CredentialStore\src\Get-CsCredential.ps1'.passes the PSScriptAnalyzer Rule PSProvideCommentHelp" time="0.0501" asserts="0" success="True" result="Success" executed="True" />
                  <test-case description="passes the PSScriptAnalyzer Rule PSUseApprovedVerbs" name="Testing all Script against default PSScriptAnalyzer rule-set.Testing Script 'C:\code\CredentialStore\modules\CredentialStore\src\Get-CsCredential.ps1'.passes the PSScriptAnalyzer Rule PSUseApprovedVerbs" time="0.0351" asserts="0" success="True" result="Success" executed="True" />
                  <test-case description="passes the PSScriptAnalyzer Rule PSUseCmdletCorrectly" name="Testing all Script against default PSScriptAnalyzer rule-set.Testing Script 'C:\code\CredentialStore\modules\CredentialStore\src\Get-CsCredential.ps1'.passes the PSScriptAnalyzer Rule PSUseCmdletCorrectly" time="0.2891" asserts="0" success="True" result="Success" executed="True" />
                  <test-case description="passes the PSScriptAnalyzer Rule PSUseDeclaredVarsMoreThanAssignments" name="Testing all Script against default PSScriptAnalyzer rule-set.Testing Script 'C:\code\CredentialStore\modules\CredentialStore\src\Get-CsCredential.ps1'.passes the PSScriptAnalyzer Rule PSUseDeclaredVarsMoreThanAssignments" time="0.0428" asserts="0" success="True" result="Success" executed="True" />
                  <test-case description="passes the PSScriptAnalyzer Rule PSUsePSCredentialType" name="Testing all Script against default PSScriptAnalyzer rule-set.Testing Script 'C:\code\CredentialStore\modules\CredentialStore\src\Get-CsCredential.ps1'.passes the PSScriptAnalyzer Rule PSUsePSCredentialType" time="0.0398" asserts="0" success="True" result="Success" executed="True" />
                  <test-case description="passes the PSScriptAnalyzer Rule PSShouldProcess" name="Testing all Script against default PSScriptAnalyzer rule-set.Testing Script 'C:\code\CredentialStore\modules\CredentialStore\src\Get-CsCredential.ps1'.passes the PSScriptAnalyzer Rule PSShouldProcess" time="0.0371" asserts="0" success="True" result="Success" executed="True" />
                  <test-case description="passes the PSScriptAnalyzer Rule PSUseShouldProcessForStateChangingFunctions" name="Testing all Script against default PSScriptAnalyzer rule-set.Testing Script 'C:\code\CredentialStore\modules\CredentialStore\src\Get-CsCredential.ps1'.passes the PSScriptAnalyzer Rule PSUseShouldProcessForStateChangingFunctions" time="0.0537" asserts="0" success="True" result="Success" executed="True" />
                  <test-case description="passes the PSScriptAnalyzer Rule PSUseSingularNouns" name="Testing all Script against default PSScriptAnalyzer rule-set.Testing Script 'C:\code\CredentialStore\modules\CredentialStore\src\Get-CsCredential.ps1'.passes the PSScriptAnalyzer Rule PSUseSingularNouns" time="0.0369" asserts="0" success="True" result="Success" executed="True" />
                  <test-case description="passes the PSScriptAnalyzer Rule PSUseUTF8EncodingForHelpFile" name="Testing all Script against default PSScriptAnalyzer rule-set.Testing Script 'C:\code\CredentialStore\modules\CredentialStore\src\Get-CsCredential.ps1'.passes the PSScriptAnalyzer Rule PSUseUTF8EncodingForHelpFile" time="0.0383" asserts="0" success="True" result="Success" executed="True" />
                  <test-case description="passes the PSScriptAnalyzer Rule PSDSCDscTestsPresent" name="Testing all Script against default PSScriptAnalyzer rule-set.Testing Script 'C:\code\CredentialStore\modules\CredentialStore\src\Get-CsCredential.ps1'.passes the PSScriptAnalyzer Rule PSDSCDscTestsPresent" time="0.0413" asserts="0" success="True" result="Success" executed="True" />
                  <test-case description="passes the PSScriptAnalyzer Rule PSDSCDscExamplesPresent" name="Testing all Script against default PSScriptAnalyzer rule-set.Testing Script 'C:\code\CredentialStore\modules\CredentialStore\src\Get-CsCredential.ps1'.passes the PSScriptAnalyzer Rule PSDSCDscExamplesPresent" time="0.0331" asserts="0" success="True" result="Success" executed="True" />
                  <test-case description="passes the PSScriptAnalyzer Rule PSDSCUseVerboseMessageInDSCResource" name="Testing all Script against default PSScriptAnalyzer rule-set.Testing Script 'C:\code\CredentialStore\modules\CredentialStore\src\Get-CsCredential.ps1'.passes the PSScriptAnalyzer Rule PSDSCUseVerboseMessageInDSCResource" time="0.0279" asserts="0" success="True" result="Success" executed="True" />
                  <test-case description="passes the PSScriptAnalyzer Rule PSDSCUseIdenticalMandatoryParametersForDSC" name="Testing all Script against default PSScriptAnalyzer rule-set.Testing Script 'C:\code\CredentialStore\modules\CredentialStore\src\Get-CsCredential.ps1'.passes the PSScriptAnalyzer Rule PSDSCUseIdenticalMandatoryParametersForDSC" time="0.0372" asserts="0" success="True" result="Success" executed="True" />
                  <test-case description="passes the PSScriptAnalyzer Rule PSDSCUseIdenticalParametersForDSC" name="Testing all Script against default PSScriptAnalyzer rule-set.Testing Script 'C:\code\CredentialStore\modules\CredentialStore\src\Get-CsCredential.ps1'.passes the PSScriptAnalyzer Rule PSDSCUseIdenticalParametersForDSC" time="0.0429" asserts="0" success="True" result="Success" executed="True" />
                  <test-case description="passes the PSScriptAnalyzer Rule PSDSCStandardDSCFunctionsInResource" name="Testing all Script against default PSScriptAnalyzer rule-set.Testing Script 'C:\code\CredentialStore\modules\CredentialStore\src\Get-CsCredential.ps1'.passes the PSScriptAnalyzer Rule PSDSCStandardDSCFunctionsInResource" time="0.038" asserts="0" success="True" result="Success" executed="True" />
                  <test-case description="passes the PSScriptAnalyzer Rule PSDSCReturnCorrectTypesForDSCFunctions" name="Testing all Script against default PSScriptAnalyzer rule-set.Testing Script 'C:\code\CredentialStore\modules\CredentialStore\src\Get-CsCredential.ps1'.passes the PSScriptAnalyzer Rule PSDSCReturnCorrectTypesForDSCFunctions" time="0.0375" asserts="0" success="True" result="Success" executed="True" />
                </results>
              </test-suite>
              <test-suite type="TestFixture" name="Testing Script 'C:\code\CredentialStore\modules\CredentialStore\src\Get-CsDefaultStore.ps1'" executed="True" result="Success" success="True" time="1.7361" asserts="0" description="Testing Script 'C:\code\CredentialStore\modules\CredentialStore\src\Get-CsDefaultStore.ps1'">
                <results>
                  <test-case description="passes the PSScriptAnalyzer Rule PSAvoidUsingCmdletAliases" name="Testing all Script against default PSScriptAnalyzer rule-set.Testing Script 'C:\code\CredentialStore\modules\CredentialStore\src\Get-CsDefaultStore.ps1'.passes the PSScriptAnalyzer Rule PSAvoidUsingCmdletAliases" time="0.0911" asserts="0" success="True" result="Success" executed="True" />
                  <test-case description="passes the PSScriptAnalyzer Rule PSAvoidDefaultValueSwitchParameter" name="Testing all Script against default PSScriptAnalyzer rule-set.Testing Script 'C:\code\CredentialStore\modules\CredentialStore\src\Get-CsDefaultStore.ps1'.passes the PSScriptAnalyzer Rule PSAvoidDefaultValueSwitchParameter" time="0.0435" asserts="0" success="True" result="Success" executed="True" />
                  <test-case description="passes the PSScriptAnalyzer Rule PSAvoidUsingEmptyCatchBlock" name="Testing all Script against default PSScriptAnalyzer rule-set.Testing Script 'C:\code\CredentialStore\modules\CredentialStore\src\Get-CsDefaultStore.ps1'.passes the PSScriptAnalyzer Rule PSAvoidUsingEmptyCatchBlock" time="0.0406" asserts="0" success="True" result="Success" executed="True" />
                  <test-case description="passes the PSScriptAnalyzer Rule PSAvoidGlobalVars" name="Testing all Script against default PSScriptAnalyzer rule-set.Testing Script 'C:\code\CredentialStore\modules\CredentialStore\src\Get-CsDefaultStore.ps1'.passes the PSScriptAnalyzer Rule PSAvoidGlobalVars" time="0.0321" asserts="0" success="True" result="Success" executed="True" />
                  <test-case description="passes the PSScriptAnalyzer Rule PSAvoidInvokingEmptyMembers" name="Testing all Script against default PSScriptAnalyzer rule-set.Testing Script 'C:\code\CredentialStore\modules\CredentialStore\src\Get-CsDefaultStore.ps1'.passes the PSScriptAnalyzer Rule PSAvoidInvokingEmptyMembers" time="0.0447" asserts="0" success="True" result="Success" executed="True" />
                  <test-case description="passes the PSScriptAnalyzer Rule PSAvoidNullOrEmptyHelpMessageAttribute" name="Testing all Script against default PSScriptAnalyzer rule-set.Testing Script 'C:\code\CredentialStore\modules\CredentialStore\src\Get-CsDefaultStore.ps1'.passes the PSScriptAnalyzer Rule PSAvoidNullOrEmptyHelpMessageAttribute" time="0.0421" asserts="0" success="True" result="Success" executed="True" />
                  <test-case description="passes the PSScriptAnalyzer Rule PSAvoidUsingPositionalParameters" name="Testing all Script against default PSScriptAnalyzer rule-set.Testing Script 'C:\code\CredentialStore\modules\CredentialStore\src\Get-CsDefaultStore.ps1'.passes the PSScriptAnalyzer Rule PSAvoidUsingPositionalParameters" time="0.0485" asserts="0" success="True" result="Success" executed="True" />
                  <test-case description="passes the PSScriptAnalyzer Rule PSReservedCmdletChar" name="Testing all Script against default PSScriptAnalyzer rule-set.Testing Script 'C:\code\CredentialStore\modules\CredentialStore\src\Get-CsDefaultStore.ps1'.passes the PSScriptAnalyzer Rule PSReservedCmdletChar" time="0.0515" asserts="0" success="True" result="Success" executed="True" />
                  <test-case description="passes the PSScriptAnalyzer Rule PSReservedParams" name="Testing all Script against default PSScriptAnalyzer rule-set.Testing Script 'C:\code\CredentialStore\modules\CredentialStore\src\Get-CsDefaultStore.ps1'.passes the PSScriptAnalyzer Rule PSReservedParams" time="0.0497" asserts="0" success="True" result="Success" executed="True" />
                  <test-case description="passes the PSScriptAnalyzer Rule PSAvoidShouldContinueWithoutForce" name="Testing all Script against default PSScriptAnalyzer rule-set.Testing Script 'C:\code\CredentialStore\modules\CredentialStore\src\Get-CsDefaultStore.ps1'.passes the PSScriptAnalyzer Rule PSAvoidShouldContinueWithoutForce" time="0.0456" asserts="0" success="True" result="Success" executed="True" />
                  <test-case description="passes the PSScriptAnalyzer Rule PSAvoidUsingDeprecatedManifestFields" name="Testing all Script against default PSScriptAnalyzer rule-set.Testing Script 'C:\code\CredentialStore\modules\CredentialStore\src\Get-CsDefaultStore.ps1'.passes the PSScriptAnalyzer Rule PSAvoidUsingDeprecatedManifestFields" time="0.0389" asserts="0" success="True" result="Success" executed="True" />
                  <test-case description="passes the PSScriptAnalyzer Rule PSAvoidDefaultValueForMandatoryParameter" name="Testing all Script against default PSScriptAnalyzer rule-set.Testing Script 'C:\code\CredentialStore\modules\CredentialStore\src\Get-CsDefaultStore.ps1'.passes the PSScriptAnalyzer Rule PSAvoidDefaultValueForMandatoryParameter" time="0.0414" asserts="0" success="True" result="Success" executed="True" />
                  <test-case description="passes the PSScriptAnalyzer Rule PSAvoidUsingUserNameAndPassWordParams" name="Testing all Script against default PSScriptAnalyzer rule-set.Testing Script 'C:\code\CredentialStore\modules\CredentialStore\src\Get-CsDefaultStore.ps1'.passes the PSScriptAnalyzer Rule PSAvoidUsingUserNameAndPassWordParams" time="0.0404" asserts="0" success="True" result="Success" executed="True" />
                  <test-case description="passes the PSScriptAnalyzer Rule PSAvoidUsingComputerNameHardcoded" name="Testing all Script against default PSScriptAnalyzer rule-set.Testing Script 'C:\code\CredentialStore\modules\CredentialStore\src\Get-CsDefaultStore.ps1'.passes the PSScriptAnalyzer Rule PSAvoidUsingComputerNameHardcoded" time="0.0453" asserts="0" success="True" result="Success" executed="True" />
                  <test-case description="passes the PSScriptAnalyzer Rule PSAvoidUsingConvertToSecureStringWithPlainText" name="Testing all Script against default PSScriptAnalyzer rule-set.Testing Script 'C:\code\CredentialStore\modules\CredentialStore\src\Get-CsDefaultStore.ps1'.passes the PSScriptAnalyzer Rule PSAvoidUsingConvertToSecureStringWithPlainText" time="0.036" asserts="0" success="True" result="Success" executed="True" />
                  <test-case description="passes the PSScriptAnalyzer Rule PSAvoidUsingInvokeExpression" name="Testing all Script against default PSScriptAnalyzer rule-set.Testing Script 'C:\code\CredentialStore\modules\CredentialStore\src\Get-CsDefaultStore.ps1'.passes the PSScriptAnalyzer Rule PSAvoidUsingInvokeExpression" time="0.0362" asserts="0" success="True" result="Success" executed="True" />
                  <test-case description="passes the PSScriptAnalyzer Rule PSAvoidUsingPlainTextForPassword" name="Testing all Script against default PSScriptAnalyzer rule-set.Testing Script 'C:\code\CredentialStore\modules\CredentialStore\src\Get-CsDefaultStore.ps1'.passes the PSScriptAnalyzer Rule PSAvoidUsingPlainTextForPassword" time="0.0466" asserts="0" success="True" result="Success" executed="True" />
                  <test-case description="passes the PSScriptAnalyzer Rule PSAvoidUsingWMICmdlet" name="Testing all Script against default PSScriptAnalyzer rule-set.Testing Script 'C:\code\CredentialStore\modules\CredentialStore\src\Get-CsDefaultStore.ps1'.passes the PSScriptAnalyzer Rule PSAvoidUsingWMICmdlet" time="0.0364" asserts="0" success="True" result="Success" executed="True" />
                  <test-case description="passes the PSScriptAnalyzer Rule PSAvoidUsingWriteHost" name="Testing all Script against default PSScriptAnalyzer rule-set.Testing Script 'C:\code\CredentialStore\modules\CredentialStore\src\Get-CsDefaultStore.ps1'.passes the PSScriptAnalyzer Rule PSAvoidUsingWriteHost" time="0.0232" asserts="0" success="True" result="Success" executed="True" />
                  <test-case description="passes the PSScriptAnalyzer Rule PSMisleadingBacktick" name="Testing all Script against default PSScriptAnalyzer rule-set.Testing Script 'C:\code\CredentialStore\modules\CredentialStore\src\Get-CsDefaultStore.ps1'.passes the PSScriptAnalyzer Rule PSMisleadingBacktick" time="0.0424" asserts="0" success="True" result="Success" executed="True" />
                  <test-case description="passes the PSScriptAnalyzer Rule PSUseBOMForUnicodeEncodedFile" name="Testing all Script against default PSScriptAnalyzer rule-set.Testing Script 'C:\code\CredentialStore\modules\CredentialStore\src\Get-CsDefaultStore.ps1'.passes the PSScriptAnalyzer Rule PSUseBOMForUnicodeEncodedFile" time="0.0424" asserts="0" success="True" result="Success" executed="True" />
                  <test-case description="passes the PSScriptAnalyzer Rule PSUseToExportFieldsInManifest" name="Testing all Script against default PSScriptAnalyzer rule-set.Testing Script 'C:\code\CredentialStore\modules\CredentialStore\src\Get-CsDefaultStore.ps1'.passes the PSScriptAnalyzer Rule PSUseToExportFieldsInManifest" time="0.0394" asserts="0" success="True" result="Success" executed="True" />
                  <test-case description="passes the PSScriptAnalyzer Rule PSUseOutputTypeCorrectly" name="Testing all Script against default PSScriptAnalyzer rule-set.Testing Script 'C:\code\CredentialStore\modules\CredentialStore\src\Get-CsDefaultStore.ps1'.passes the PSScriptAnalyzer Rule PSUseOutputTypeCorrectly" time="0.046" asserts="0" success="True" result="Success" executed="True" />
                  <test-case description="passes the PSScriptAnalyzer Rule PSMissingModuleManifestField" name="Testing all Script against default PSScriptAnalyzer rule-set.Testing Script 'C:\code\CredentialStore\modules\CredentialStore\src\Get-CsDefaultStore.ps1'.passes the PSScriptAnalyzer Rule PSMissingModuleManifestField" time="0.0354" asserts="0" success="True" result="Success" executed="True" />
                  <test-case description="passes the PSScriptAnalyzer Rule PSPossibleIncorrectComparisonWithNull" name="Testing all Script against default PSScriptAnalyzer rule-set.Testing Script 'C:\code\CredentialStore\modules\CredentialStore\src\Get-CsDefaultStore.ps1'.passes the PSScriptAnalyzer Rule PSPossibleIncorrectComparisonWithNull" time="0.0366" asserts="0" success="True" result="Success" executed="True" />
                  <test-case description="passes the PSScriptAnalyzer Rule PSProvideCommentHelp" name="Testing all Script against default PSScriptAnalyzer rule-set.Testing Script 'C:\code\CredentialStore\modules\CredentialStore\src\Get-CsDefaultStore.ps1'.passes the PSScriptAnalyzer Rule PSProvideCommentHelp" time="0.0447" asserts="0" success="True" result="Success" executed="True" />
                  <test-case description="passes the PSScriptAnalyzer Rule PSUseApprovedVerbs" name="Testing all Script against default PSScriptAnalyzer rule-set.Testing Script 'C:\code\CredentialStore\modules\CredentialStore\src\Get-CsDefaultStore.ps1'.passes the PSScriptAnalyzer Rule PSUseApprovedVerbs" time="0.0371" asserts="0" success="True" result="Success" executed="True" />
                  <test-case description="passes the PSScriptAnalyzer Rule PSUseCmdletCorrectly" name="Testing all Script against default PSScriptAnalyzer rule-set.Testing Script 'C:\code\CredentialStore\modules\CredentialStore\src\Get-CsDefaultStore.ps1'.passes the PSScriptAnalyzer Rule PSUseCmdletCorrectly" time="0.0352" asserts="0" success="True" result="Success" executed="True" />
                  <test-case description="passes the PSScriptAnalyzer Rule PSUseDeclaredVarsMoreThanAssignments" name="Testing all Script against default PSScriptAnalyzer rule-set.Testing Script 'C:\code\CredentialStore\modules\CredentialStore\src\Get-CsDefaultStore.ps1'.passes the PSScriptAnalyzer Rule PSUseDeclaredVarsMoreThanAssignments" time="0.045" asserts="0" success="True" result="Success" executed="True" />
                  <test-case description="passes the PSScriptAnalyzer Rule PSUsePSCredentialType" name="Testing all Script against default PSScriptAnalyzer rule-set.Testing Script 'C:\code\CredentialStore\modules\CredentialStore\src\Get-CsDefaultStore.ps1'.passes the PSScriptAnalyzer Rule PSUsePSCredentialType" time="0.0372" asserts="0" success="True" result="Success" executed="True" />
                  <test-case description="passes the PSScriptAnalyzer Rule PSShouldProcess" name="Testing all Script against default PSScriptAnalyzer rule-set.Testing Script 'C:\code\CredentialStore\modules\CredentialStore\src\Get-CsDefaultStore.ps1'.passes the PSScriptAnalyzer Rule PSShouldProcess" time="0.0433" asserts="0" success="True" result="Success" executed="True" />
                  <test-case description="passes the PSScriptAnalyzer Rule PSUseShouldProcessForStateChangingFunctions" name="Testing all Script against default PSScriptAnalyzer rule-set.Testing Script 'C:\code\CredentialStore\modules\CredentialStore\src\Get-CsDefaultStore.ps1'.passes the PSScriptAnalyzer Rule PSUseShouldProcessForStateChangingFunctions" time="0.0527" asserts="0" success="True" result="Success" executed="True" />
                  <test-case description="passes the PSScriptAnalyzer Rule PSUseSingularNouns" name="Testing all Script against default PSScriptAnalyzer rule-set.Testing Script 'C:\code\CredentialStore\modules\CredentialStore\src\Get-CsDefaultStore.ps1'.passes the PSScriptAnalyzer Rule PSUseSingularNouns" time="0.0546" asserts="0" success="True" result="Success" executed="True" />
                  <test-case description="passes the PSScriptAnalyzer Rule PSUseUTF8EncodingForHelpFile" name="Testing all Script against default PSScriptAnalyzer rule-set.Testing Script 'C:\code\CredentialStore\modules\CredentialStore\src\Get-CsDefaultStore.ps1'.passes the PSScriptAnalyzer Rule PSUseUTF8EncodingForHelpFile" time="0.0388" asserts="0" success="True" result="Success" executed="True" />
                  <test-case description="passes the PSScriptAnalyzer Rule PSDSCDscTestsPresent" name="Testing all Script against default PSScriptAnalyzer rule-set.Testing Script 'C:\code\CredentialStore\modules\CredentialStore\src\Get-CsDefaultStore.ps1'.passes the PSScriptAnalyzer Rule PSDSCDscTestsPresent" time="0.0429" asserts="0" success="True" result="Success" executed="True" />
                  <test-case description="passes the PSScriptAnalyzer Rule PSDSCDscExamplesPresent" name="Testing all Script against default PSScriptAnalyzer rule-set.Testing Script 'C:\code\CredentialStore\modules\CredentialStore\src\Get-CsDefaultStore.ps1'.passes the PSScriptAnalyzer Rule PSDSCDscExamplesPresent" time="0.0389" asserts="0" success="True" result="Success" executed="True" />
                  <test-case description="passes the PSScriptAnalyzer Rule PSDSCUseVerboseMessageInDSCResource" name="Testing all Script against default PSScriptAnalyzer rule-set.Testing Script 'C:\code\CredentialStore\modules\CredentialStore\src\Get-CsDefaultStore.ps1'.passes the PSScriptAnalyzer Rule PSDSCUseVerboseMessageInDSCResource" time="0.0332" asserts="0" success="True" result="Success" executed="True" />
                  <test-case description="passes the PSScriptAnalyzer Rule PSDSCUseIdenticalMandatoryParametersForDSC" name="Testing all Script against default PSScriptAnalyzer rule-set.Testing Script 'C:\code\CredentialStore\modules\CredentialStore\src\Get-CsDefaultStore.ps1'.passes the PSScriptAnalyzer Rule PSDSCUseIdenticalMandatoryParametersForDSC" time="0.0439" asserts="0" success="True" result="Success" executed="True" />
                  <test-case description="passes the PSScriptAnalyzer Rule PSDSCUseIdenticalParametersForDSC" name="Testing all Script against default PSScriptAnalyzer rule-set.Testing Script 'C:\code\CredentialStore\modules\CredentialStore\src\Get-CsDefaultStore.ps1'.passes the PSScriptAnalyzer Rule PSDSCUseIdenticalParametersForDSC" time="0.0351" asserts="0" success="True" result="Success" executed="True" />
                  <test-case description="passes the PSScriptAnalyzer Rule PSDSCStandardDSCFunctionsInResource" name="Testing all Script against default PSScriptAnalyzer rule-set.Testing Script 'C:\code\CredentialStore\modules\CredentialStore\src\Get-CsDefaultStore.ps1'.passes the PSScriptAnalyzer Rule PSDSCStandardDSCFunctionsInResource" time="0.0429" asserts="0" success="True" result="Success" executed="True" />
                  <test-case description="passes the PSScriptAnalyzer Rule PSDSCReturnCorrectTypesForDSCFunctions" name="Testing all Script against default PSScriptAnalyzer rule-set.Testing Script 'C:\code\CredentialStore\modules\CredentialStore\src\Get-CsDefaultStore.ps1'.passes the PSScriptAnalyzer Rule PSDSCReturnCorrectTypesForDSCFunctions" time="0.0346" asserts="0" success="True" result="Success" executed="True" />
                </results>
              </test-suite>
              <test-suite type="TestFixture" name="Testing Script 'C:\code\CredentialStore\modules\CredentialStore\src\Get-CsEntry.ps1'" executed="True" result="Success" success="True" time="3.7397" asserts="0" description="Testing Script 'C:\code\CredentialStore\modules\CredentialStore\src\Get-CsEntry.ps1'">
                <results>
                  <test-case description="passes the PSScriptAnalyzer Rule PSAvoidUsingCmdletAliases" name="Testing all Script against default PSScriptAnalyzer rule-set.Testing Script 'C:\code\CredentialStore\modules\CredentialStore\src\Get-CsEntry.ps1'.passes the PSScriptAnalyzer Rule PSAvoidUsingCmdletAliases" time="0.085" asserts="0" success="True" result="Success" executed="True" />
                  <test-case description="passes the PSScriptAnalyzer Rule PSAvoidDefaultValueSwitchParameter" name="Testing all Script against default PSScriptAnalyzer rule-set.Testing Script 'C:\code\CredentialStore\modules\CredentialStore\src\Get-CsEntry.ps1'.passes the PSScriptAnalyzer Rule PSAvoidDefaultValueSwitchParameter" time="0.0457" asserts="0" success="True" result="Success" executed="True" />
                  <test-case description="passes the PSScriptAnalyzer Rule PSAvoidUsingEmptyCatchBlock" name="Testing all Script against default PSScriptAnalyzer rule-set.Testing Script 'C:\code\CredentialStore\modules\CredentialStore\src\Get-CsEntry.ps1'.passes the PSScriptAnalyzer Rule PSAvoidUsingEmptyCatchBlock" time="0.0372" asserts="0" success="True" result="Success" executed="True" />
                  <test-case description="passes the PSScriptAnalyzer Rule PSAvoidGlobalVars" name="Testing all Script against default PSScriptAnalyzer rule-set.Testing Script 'C:\code\CredentialStore\modules\CredentialStore\src\Get-CsEntry.ps1'.passes the PSScriptAnalyzer Rule PSAvoidGlobalVars" time="0.0261" asserts="0" success="True" result="Success" executed="True" />
                  <test-case description="passes the PSScriptAnalyzer Rule PSAvoidInvokingEmptyMembers" name="Testing all Script against default PSScriptAnalyzer rule-set.Testing Script 'C:\code\CredentialStore\modules\CredentialStore\src\Get-CsEntry.ps1'.passes the PSScriptAnalyzer Rule PSAvoidInvokingEmptyMembers" time="0.0374" asserts="0" success="True" result="Success" executed="True" />
                  <test-case description="passes the PSScriptAnalyzer Rule PSAvoidNullOrEmptyHelpMessageAttribute" name="Testing all Script against default PSScriptAnalyzer rule-set.Testing Script 'C:\code\CredentialStore\modules\CredentialStore\src\Get-CsEntry.ps1'.passes the PSScriptAnalyzer Rule PSAvoidNullOrEmptyHelpMessageAttribute" time="0.0399" asserts="0" success="True" result="Success" executed="True" />
                  <test-case description="passes the PSScriptAnalyzer Rule PSAvoidUsingPositionalParameters" name="Testing all Script against default PSScriptAnalyzer rule-set.Testing Script 'C:\code\CredentialStore\modules\CredentialStore\src\Get-CsEntry.ps1'.passes the PSScriptAnalyzer Rule PSAvoidUsingPositionalParameters" time="0.6513" asserts="0" success="True" result="Success" executed="True" />
                  <test-case description="passes the PSScriptAnalyzer Rule PSReservedCmdletChar" name="Testing all Script against default PSScriptAnalyzer rule-set.Testing Script 'C:\code\CredentialStore\modules\CredentialStore\src\Get-CsEntry.ps1'.passes the PSScriptAnalyzer Rule PSReservedCmdletChar" time="0.0438" asserts="0" success="True" result="Success" executed="True" />
                  <test-case description="passes the PSScriptAnalyzer Rule PSReservedParams" name="Testing all Script against default PSScriptAnalyzer rule-set.Testing Script 'C:\code\CredentialStore\modules\CredentialStore\src\Get-CsEntry.ps1'.passes the PSScriptAnalyzer Rule PSReservedParams" time="0.0383" asserts="0" success="True" result="Success" executed="True" />
                  <test-case description="passes the PSScriptAnalyzer Rule PSAvoidShouldContinueWithoutForce" name="Testing all Script against default PSScriptAnalyzer rule-set.Testing Script 'C:\code\CredentialStore\modules\CredentialStore\src\Get-CsEntry.ps1'.passes the PSScriptAnalyzer Rule PSAvoidShouldContinueWithoutForce" time="0.0439" asserts="0" success="True" result="Success" executed="True" />
                  <test-case description="passes the PSScriptAnalyzer Rule PSAvoidUsingDeprecatedManifestFields" name="Testing all Script against default PSScriptAnalyzer rule-set.Testing Script 'C:\code\CredentialStore\modules\CredentialStore\src\Get-CsEntry.ps1'.passes the PSScriptAnalyzer Rule PSAvoidUsingDeprecatedManifestFields" time="0.051" asserts="0" success="True" result="Success" executed="True" />
                  <test-case description="passes the PSScriptAnalyzer Rule PSAvoidDefaultValueForMandatoryParameter" name="Testing all Script against default PSScriptAnalyzer rule-set.Testing Script 'C:\code\CredentialStore\modules\CredentialStore\src\Get-CsEntry.ps1'.passes the PSScriptAnalyzer Rule PSAvoidDefaultValueForMandatoryParameter" time="0.0408" asserts="0" success="True" result="Success" executed="True" />
                  <test-case description="passes the PSScriptAnalyzer Rule PSAvoidUsingUserNameAndPassWordParams" name="Testing all Script against default PSScriptAnalyzer rule-set.Testing Script 'C:\code\CredentialStore\modules\CredentialStore\src\Get-CsEntry.ps1'.passes the PSScriptAnalyzer Rule PSAvoidUsingUserNameAndPassWordParams" time="0.0638" asserts="0" success="True" result="Success" executed="True" />
                  <test-case description="passes the PSScriptAnalyzer Rule PSAvoidUsingComputerNameHardcoded" name="Testing all Script against default PSScriptAnalyzer rule-set.Testing Script 'C:\code\CredentialStore\modules\CredentialStore\src\Get-CsEntry.ps1'.passes the PSScriptAnalyzer Rule PSAvoidUsingComputerNameHardcoded" time="0.0646" asserts="0" success="True" result="Success" executed="True" />
                  <test-case description="passes the PSScriptAnalyzer Rule PSAvoidUsingConvertToSecureStringWithPlainText" name="Testing all Script against default PSScriptAnalyzer rule-set.Testing Script 'C:\code\CredentialStore\modules\CredentialStore\src\Get-CsEntry.ps1'.passes the PSScriptAnalyzer Rule PSAvoidUsingConvertToSecureStringWithPlainText" time="0.0414" asserts="0" success="True" result="Success" executed="True" />
                  <test-case description="passes the PSScriptAnalyzer Rule PSAvoidUsingInvokeExpression" name="Testing all Script against default PSScriptAnalyzer rule-set.Testing Script 'C:\code\CredentialStore\modules\CredentialStore\src\Get-CsEntry.ps1'.passes the PSScriptAnalyzer Rule PSAvoidUsingInvokeExpression" time="0.0473" asserts="0" success="True" result="Success" executed="True" />
                  <test-case description="passes the PSScriptAnalyzer Rule PSAvoidUsingPlainTextForPassword" name="Testing all Script against default PSScriptAnalyzer rule-set.Testing Script 'C:\code\CredentialStore\modules\CredentialStore\src\Get-CsEntry.ps1'.passes the PSScriptAnalyzer Rule PSAvoidUsingPlainTextForPassword" time="0.0438" asserts="0" success="True" result="Success" executed="True" />
                  <test-case description="passes the PSScriptAnalyzer Rule PSAvoidUsingWMICmdlet" name="Testing all Script against default PSScriptAnalyzer rule-set.Testing Script 'C:\code\CredentialStore\modules\CredentialStore\src\Get-CsEntry.ps1'.passes the PSScriptAnalyzer Rule PSAvoidUsingWMICmdlet" time="0.0415" asserts="0" success="True" result="Success" executed="True" />
                  <test-case description="passes the PSScriptAnalyzer Rule PSAvoidUsingWriteHost" name="Testing all Script against default PSScriptAnalyzer rule-set.Testing Script 'C:\code\CredentialStore\modules\CredentialStore\src\Get-CsEntry.ps1'.passes the PSScriptAnalyzer Rule PSAvoidUsingWriteHost" time="0.0259" asserts="0" success="True" result="Success" executed="True" />
                  <test-case description="passes the PSScriptAnalyzer Rule PSMisleadingBacktick" name="Testing all Script against default PSScriptAnalyzer rule-set.Testing Script 'C:\code\CredentialStore\modules\CredentialStore\src\Get-CsEntry.ps1'.passes the PSScriptAnalyzer Rule PSMisleadingBacktick" time="0.3872" asserts="0" success="True" result="Success" executed="True" />
                  <test-case description="passes the PSScriptAnalyzer Rule PSUseBOMForUnicodeEncodedFile" name="Testing all Script against default PSScriptAnalyzer rule-set.Testing Script 'C:\code\CredentialStore\modules\CredentialStore\src\Get-CsEntry.ps1'.passes the PSScriptAnalyzer Rule PSUseBOMForUnicodeEncodedFile" time="0.4914" asserts="0" success="True" result="Success" executed="True" />
                  <test-case description="passes the PSScriptAnalyzer Rule PSUseToExportFieldsInManifest" name="Testing all Script against default PSScriptAnalyzer rule-set.Testing Script 'C:\code\CredentialStore\modules\CredentialStore\src\Get-CsEntry.ps1'.passes the PSScriptAnalyzer Rule PSUseToExportFieldsInManifest" time="0.0433" asserts="0" success="True" result="Success" executed="True" />
                  <test-case description="passes the PSScriptAnalyzer Rule PSUseOutputTypeCorrectly" name="Testing all Script against default PSScriptAnalyzer rule-set.Testing Script 'C:\code\CredentialStore\modules\CredentialStore\src\Get-CsEntry.ps1'.passes the PSScriptAnalyzer Rule PSUseOutputTypeCorrectly" time="0.0451" asserts="0" success="True" result="Success" executed="True" />
                  <test-case description="passes the PSScriptAnalyzer Rule PSMissingModuleManifestField" name="Testing all Script against default PSScriptAnalyzer rule-set.Testing Script 'C:\code\CredentialStore\modules\CredentialStore\src\Get-CsEntry.ps1'.passes the PSScriptAnalyzer Rule PSMissingModuleManifestField" time="0.0352" asserts="0" success="True" result="Success" executed="True" />
                  <test-case description="passes the PSScriptAnalyzer Rule PSPossibleIncorrectComparisonWithNull" name="Testing all Script against default PSScriptAnalyzer rule-set.Testing Script 'C:\code\CredentialStore\modules\CredentialStore\src\Get-CsEntry.ps1'.passes the PSScriptAnalyzer Rule PSPossibleIncorrectComparisonWithNull" time="0.045" asserts="0" success="True" result="Success" executed="True" />
                  <test-case description="passes the PSScriptAnalyzer Rule PSProvideCommentHelp" name="Testing all Script against default PSScriptAnalyzer rule-set.Testing Script 'C:\code\CredentialStore\modules\CredentialStore\src\Get-CsEntry.ps1'.passes the PSScriptAnalyzer Rule PSProvideCommentHelp" time="0.0401" asserts="0" success="True" result="Success" executed="True" />
                  <test-case description="passes the PSScriptAnalyzer Rule PSUseApprovedVerbs" name="Testing all Script against default PSScriptAnalyzer rule-set.Testing Script 'C:\code\CredentialStore\modules\CredentialStore\src\Get-CsEntry.ps1'.passes the PSScriptAnalyzer Rule PSUseApprovedVerbs" time="0.0471" asserts="0" success="True" result="Success" executed="True" />
                  <test-case description="passes the PSScriptAnalyzer Rule PSUseCmdletCorrectly" name="Testing all Script against default PSScriptAnalyzer rule-set.Testing Script 'C:\code\CredentialStore\modules\CredentialStore\src\Get-CsEntry.ps1'.passes the PSScriptAnalyzer Rule PSUseCmdletCorrectly" time="0.6487" asserts="0" success="True" result="Success" executed="True" />
                  <test-case description="passes the PSScriptAnalyzer Rule PSUseDeclaredVarsMoreThanAssignments" name="Testing all Script against default PSScriptAnalyzer rule-set.Testing Script 'C:\code\CredentialStore\modules\CredentialStore\src\Get-CsEntry.ps1'.passes the PSScriptAnalyzer Rule PSUseDeclaredVarsMoreThanAssignments" time="0.04" asserts="0" success="True" result="Success" executed="True" />
                  <test-case description="passes the PSScriptAnalyzer Rule PSUsePSCredentialType" name="Testing all Script against default PSScriptAnalyzer rule-set.Testing Script 'C:\code\CredentialStore\modules\CredentialStore\src\Get-CsEntry.ps1'.passes the PSScriptAnalyzer Rule PSUsePSCredentialType" time="0.0403" asserts="0" success="True" result="Success" executed="True" />
                  <test-case description="passes the PSScriptAnalyzer Rule PSShouldProcess" name="Testing all Script against default PSScriptAnalyzer rule-set.Testing Script 'C:\code\CredentialStore\modules\CredentialStore\src\Get-CsEntry.ps1'.passes the PSScriptAnalyzer Rule PSShouldProcess" time="0.0363" asserts="0" success="True" result="Success" executed="True" />
                  <test-case description="passes the PSScriptAnalyzer Rule PSUseShouldProcessForStateChangingFunctions" name="Testing all Script against default PSScriptAnalyzer rule-set.Testing Script 'C:\code\CredentialStore\modules\CredentialStore\src\Get-CsEntry.ps1'.passes the PSScriptAnalyzer Rule PSUseShouldProcessForStateChangingFunctions" time="0.0295" asserts="0" success="True" result="Success" executed="True" />
                  <test-case description="passes the PSScriptAnalyzer Rule PSUseSingularNouns" name="Testing all Script against default PSScriptAnalyzer rule-set.Testing Script 'C:\code\CredentialStore\modules\CredentialStore\src\Get-CsEntry.ps1'.passes the PSScriptAnalyzer Rule PSUseSingularNouns" time="0.0395" asserts="0" success="True" result="Success" executed="True" />
                  <test-case description="passes the PSScriptAnalyzer Rule PSUseUTF8EncodingForHelpFile" name="Testing all Script against default PSScriptAnalyzer rule-set.Testing Script 'C:\code\CredentialStore\modules\CredentialStore\src\Get-CsEntry.ps1'.passes the PSScriptAnalyzer Rule PSUseUTF8EncodingForHelpFile" time="0.0417" asserts="0" success="True" result="Success" executed="True" />
                  <test-case description="passes the PSScriptAnalyzer Rule PSDSCDscTestsPresent" name="Testing all Script against default PSScriptAnalyzer rule-set.Testing Script 'C:\code\CredentialStore\modules\CredentialStore\src\Get-CsEntry.ps1'.passes the PSScriptAnalyzer Rule PSDSCDscTestsPresent" time="0.0349" asserts="0" success="True" result="Success" executed="True" />
                  <test-case description="passes the PSScriptAnalyzer Rule PSDSCDscExamplesPresent" name="Testing all Script against default PSScriptAnalyzer rule-set.Testing Script 'C:\code\CredentialStore\modules\CredentialStore\src\Get-CsEntry.ps1'.passes the PSScriptAnalyzer Rule PSDSCDscExamplesPresent" time="0.0373" asserts="0" success="True" result="Success" executed="True" />
                  <test-case description="passes the PSScriptAnalyzer Rule PSDSCUseVerboseMessageInDSCResource" name="Testing all Script against default PSScriptAnalyzer rule-set.Testing Script 'C:\code\CredentialStore\modules\CredentialStore\src\Get-CsEntry.ps1'.passes the PSScriptAnalyzer Rule PSDSCUseVerboseMessageInDSCResource" time="0.037" asserts="0" success="True" result="Success" executed="True" />
                  <test-case description="passes the PSScriptAnalyzer Rule PSDSCUseIdenticalMandatoryParametersForDSC" name="Testing all Script against default PSScriptAnalyzer rule-set.Testing Script 'C:\code\CredentialStore\modules\CredentialStore\src\Get-CsEntry.ps1'.passes the PSScriptAnalyzer Rule PSDSCUseIdenticalMandatoryParametersForDSC" time="0.0463" asserts="0" success="True" result="Success" executed="True" />
                  <test-case description="passes the PSScriptAnalyzer Rule PSDSCUseIdenticalParametersForDSC" name="Testing all Script against default PSScriptAnalyzer rule-set.Testing Script 'C:\code\CredentialStore\modules\CredentialStore\src\Get-CsEntry.ps1'.passes the PSScriptAnalyzer Rule PSDSCUseIdenticalParametersForDSC" time="0.0347" asserts="0" success="True" result="Success" executed="True" />
[...]
                  <test-case description="passes the PSScriptAnalyzer Rule PSUseToExportFieldsInManifest" name="Testing all Script against default PSScriptAnalyzer rule-set.Testing Script 'C:\code\CredentialStore\modules\CredentialStore.AzureKeyVault\src\Set-CsKeyVaultEntry.ps1'.passes the PSScriptAnalyzer Rule PSUseToExportFieldsInManifest" time="0.0385" asserts="0" success="True" result="Success" executed="True" />
                  <test-case description="passes the PSScriptAnalyzer Rule PSUseOutputTypeCorrectly" name="Testing all Script against default PSScriptAnalyzer rule-set.Testing Script 'C:\code\CredentialStore\modules\CredentialStore.AzureKeyVault\src\Set-CsKeyVaultEntry.ps1'.passes the PSScriptAnalyzer Rule PSUseOutputTypeCorrectly" time="0.0318" asserts="0" success="True" result="Success" executed="True" />
                  <test-case description="passes the PSScriptAnalyzer Rule PSMissingModuleManifestField" name="Testing all Script against default PSScriptAnalyzer rule-set.Testing Script 'C:\code\CredentialStore\modules\CredentialStore.AzureKeyVault\src\Set-CsKeyVaultEntry.ps1'.passes the PSScriptAnalyzer Rule PSMissingModuleManifestField" time="0.0344" asserts="0" success="True" result="Success" executed="True" />
                  <test-case description="passes the PSScriptAnalyzer Rule PSPossibleIncorrectComparisonWithNull" name="Testing all Script against default PSScriptAnalyzer rule-set.Testing Script 'C:\code\CredentialStore\modules\CredentialStore.AzureKeyVault\src\Set-CsKeyVaultEntry.ps1'.passes the PSScriptAnalyzer Rule PSPossibleIncorrectComparisonWithNull" time="0.0427" asserts="0" success="True" result="Success" executed="True" />
                  <test-case description="passes the PSScriptAnalyzer Rule PSProvideCommentHelp" name="Testing all Script against default PSScriptAnalyzer rule-set.Testing Script 'C:\code\CredentialStore\modules\CredentialStore.AzureKeyVault\src\Set-CsKeyVaultEntry.ps1'.passes the PSScriptAnalyzer Rule PSProvideCommentHelp" time="0.0423" asserts="0" success="True" result="Success" executed="True" />
                  <test-case description="passes the PSScriptAnalyzer Rule PSUseApprovedVerbs" name="Testing all Script against default PSScriptAnalyzer rule-set.Testing Script 'C:\code\CredentialStore\modules\CredentialStore.AzureKeyVault\src\Set-CsKeyVaultEntry.ps1'.passes the PSScriptAnalyzer Rule PSUseApprovedVerbs" time="0.0314" asserts="0" success="True" result="Success" executed="True" />
                  <test-case description="passes the PSScriptAnalyzer Rule PSUseCmdletCorrectly" name="Testing all Script against default PSScriptAnalyzer rule-set.Testing Script 'C:\code\CredentialStore\modules\CredentialStore.AzureKeyVault\src\Set-CsKeyVaultEntry.ps1'.passes the PSScriptAnalyzer Rule PSUseCmdletCorrectly" time="0.0643" asserts="0" success="True" result="Success" executed="True" />
                  <test-case description="passes the PSScriptAnalyzer Rule PSUseDeclaredVarsMoreThanAssignments" name="Testing all Script against default PSScriptAnalyzer rule-set.Testing Script 'C:\code\CredentialStore\modules\CredentialStore.AzureKeyVault\src\Set-CsKeyVaultEntry.ps1'.passes the PSScriptAnalyzer Rule PSUseDeclaredVarsMoreThanAssignments" time="0.0341" asserts="0" success="True" result="Success" executed="True" />
                  <test-case description="passes the PSScriptAnalyzer Rule PSUsePSCredentialType" name="Testing all Script against default PSScriptAnalyzer rule-set.Testing Script 'C:\code\CredentialStore\modules\CredentialStore.AzureKeyVault\src\Set-CsKeyVaultEntry.ps1'.passes the PSScriptAnalyzer Rule PSUsePSCredentialType" time="0.0276" asserts="0" success="True" result="Success" executed="True" />
                  <test-case description="passes the PSScriptAnalyzer Rule PSShouldProcess" name="Testing all Script against default PSScriptAnalyzer rule-set.Testing Script 'C:\code\CredentialStore\modules\CredentialStore.AzureKeyVault\src\Set-CsKeyVaultEntry.ps1'.passes the PSScriptAnalyzer Rule PSShouldProcess" time="0.0335" asserts="0" success="True" result="Success" executed="True" />
                  <test-case description="passes the PSScriptAnalyzer Rule PSUseShouldProcessForStateChangingFunctions" name="Testing all Script against default PSScriptAnalyzer rule-set.Testing Script 'C:\code\CredentialStore\modules\CredentialStore.AzureKeyVault\src\Set-CsKeyVaultEntry.ps1'.passes the PSScriptAnalyzer Rule PSUseShouldProcessForStateChangingFunctions" time="0.0276" asserts="0" success="True" result="Success" executed="True" />
                  <test-case description="passes the PSScriptAnalyzer Rule PSUseSingularNouns" name="Testing all Script against default PSScriptAnalyzer rule-set.Testing Script 'C:\code\CredentialStore\modules\CredentialStore.AzureKeyVault\src\Set-CsKeyVaultEntry.ps1'.passes the PSScriptAnalyzer Rule PSUseSingularNouns" time="0.0259" asserts="0" success="True" result="Success" executed="True" />
                  <test-case description="passes the PSScriptAnalyzer Rule PSUseUTF8EncodingForHelpFile" name="Testing all Script against default PSScriptAnalyzer rule-set.Testing Script 'C:\code\CredentialStore\modules\CredentialStore.AzureKeyVault\src\Set-CsKeyVaultEntry.ps1'.passes the PSScriptAnalyzer Rule PSUseUTF8EncodingForHelpFile" time="0.0296" asserts="0" success="True" result="Success" executed="True" />
                  <test-case description="passes the PSScriptAnalyzer Rule PSDSCDscTestsPresent" name="Testing all Script against default PSScriptAnalyzer rule-set.Testing Script 'C:\code\CredentialStore\modules\CredentialStore.AzureKeyVault\src\Set-CsKeyVaultEntry.ps1'.passes the PSScriptAnalyzer Rule PSDSCDscTestsPresent" time="0.031" asserts="0" success="True" result="Success" executed="True" />
                  <test-case description="passes the PSScriptAnalyzer Rule PSDSCDscExamplesPresent" name="Testing all Script against default PSScriptAnalyzer rule-set.Testing Script 'C:\code\CredentialStore\modules\CredentialStore.AzureKeyVault\src\Set-CsKeyVaultEntry.ps1'.passes the PSScriptAnalyzer Rule PSDSCDscExamplesPresent" time="0.0339" asserts="0" success="True" result="Success" executed="True" />
                  <test-case description="passes the PSScriptAnalyzer Rule PSDSCUseVerboseMessageInDSCResource" name="Testing all Script against default PSScriptAnalyzer rule-set.Testing Script 'C:\code\CredentialStore\modules\CredentialStore.AzureKeyVault\src\Set-CsKeyVaultEntry.ps1'.passes the PSScriptAnalyzer Rule PSDSCUseVerboseMessageInDSCResource" time="0.03" asserts="0" success="True" result="Success" executed="True" />
                  <test-case description="passes the PSScriptAnalyzer Rule PSDSCUseIdenticalMandatoryParametersForDSC" name="Testing all Script against default PSScriptAnalyzer rule-set.Testing Script 'C:\code\CredentialStore\modules\CredentialStore.AzureKeyVault\src\Set-CsKeyVaultEntry.ps1'.passes the PSScriptAnalyzer Rule PSDSCUseIdenticalMandatoryParametersForDSC" time="0.0356" asserts="0" success="True" result="Success" executed="True" />
                  <test-case description="passes the PSScriptAnalyzer Rule PSDSCUseIdenticalParametersForDSC" name="Testing all Script against default PSScriptAnalyzer rule-set.Testing Script 'C:\code\CredentialStore\modules\CredentialStore.AzureKeyVault\src\Set-CsKeyVaultEntry.ps1'.passes the PSScriptAnalyzer Rule PSDSCUseIdenticalParametersForDSC" time="0.0339" asserts="0" success="True" result="Success" executed="True" />
                  <test-case description="passes the PSScriptAnalyzer Rule PSDSCStandardDSCFunctionsInResource" name="Testing all Script against default PSScriptAnalyzer rule-set.Testing Script 'C:\code\CredentialStore\modules\CredentialStore.AzureKeyVault\src\Set-CsKeyVaultEntry.ps1'.passes the PSScriptAnalyzer Rule PSDSCStandardDSCFunctionsInResource" time="0.0387" asserts="0" success="True" result="Success" executed="True" />
                  <test-case description="passes the PSScriptAnalyzer Rule PSDSCReturnCorrectTypesForDSCFunctions" name="Testing all Script against default PSScriptAnalyzer rule-set.Testing Script 'C:\code\CredentialStore\modules\CredentialStore.AzureKeyVault\src\Set-CsKeyVaultEntry.ps1'.passes the PSScriptAnalyzer Rule PSDSCReturnCorrectTypesForDSCFunctions" time="0.0311" asserts="0" success="True" result="Success" executed="True" />
                </results>
              </test-suite>
            </results>
          </test-suite>
        </results>
      </test-suite>
      <test-suite type="TestFixture" name="C:\code\CredentialStore\modules\CredentialStore.AzureKeyVault\tests\Set-CsKeyVaultEntry.Tests.ps1" executed="True" result="Success" success="True" time="0.4102" asserts="0" description="C:\code\CredentialStore\modules\CredentialStore.AzureKeyVault\tests\Set-CsKeyVaultEntry.Tests.ps1">
        <results>
          <test-suite type="TestFixture" name="Set-CsKeyVaultEntry" executed="True" result="Success" success="True" time="0.4102" asserts="0" description="Set-CsKeyVaultEntry">
            <results>
              <test-suite type="TestFixture" name="Adding a new Credential without description" executed="True" result="Success" success="True" time="0.1233" asserts="0" description="Adding a new Credential without description">
                <results>
                  <test-case description="should add the entry to the vault" name="Set-CsKeyVaultEntry.Adding a new Credential without description.should add the entry to the vault" time="0.1233" asserts="0" success="True" result="Success" executed="True" />
                </results>
              </test-suite>
              <test-suite type="TestFixture" name="Adding a new Credential with description" executed="True" result="Success" success="True" time="0.0709" asserts="0" description="Adding a new Credential with description">
                <results>
                  <test-case description="should add the entry to the vault" name="Set-CsKeyVaultEntry.Adding a new Credential with description.should add the entry to the vault" time="0.0709" asserts="0" success="True" result="Success" executed="True" />
                </results>
              </test-suite>
              <test-suite type="TestFixture" name="Pipeline support" executed="True" result="Success" success="True" time="0.2161" asserts="0" description="Pipeline support">
                <results>
                  <test-case description="should set the entries" name="Set-CsKeyVaultEntry.Pipeline support.should set the entries" time="0.2161" asserts="0" success="True" result="Success" executed="True" />
                </results>
              </test-suite>
            </results>
          </test-suite>
        </results>
      </test-suite>
      <test-suite type="TestFixture" name="C:\code\PsLogging\tests\Format-LogMessage.Tests.ps1" executed="True" result="Success" success="True" time="0.2018" asserts="0" description="C:\code\PsLogging\tests\Format-LogMessage.Tests.ps1">
        <results>
          <test-suite type="TestFixture" name="Format-LogMessage" executed="True" result="Success" success="True" time="0.2018" asserts="0" description="Format-LogMessage">
            <results>
              <test-suite type="TestFixture" name="Format an message" executed="True" result="Success" success="True" time="0.1141" asserts="0" description="Format an message">
                <results>
                  <test-case description="should return the message" name="Format-LogMessage.Format an message.should return the message" time="0.1141" asserts="0" success="True" result="Success" executed="True" />
                </results>
              </test-suite>
              <test-suite type="TestFixture" name="Format a message with an error" executed="True" result="Success" success="True" time="0.0877" asserts="0" description="Format a message with an error">
                <results>
                  <test-case description="should return the message" name="Format-LogMessage.Format a message with an error.should return the message" time="0.0877" asserts="0" success="True" result="Success" executed="True" />
                </results>
              </test-suite>
            </results>
          </test-suite>
        </results>
      </test-suite>
      <test-suite type="TestFixture" name="C:\code\PsLogging\tests\Initialize-Logging.Tests.ps1" executed="True" result="Success" success="True" time="0.419" asserts="0" description="C:\code\PsLogging\tests\Initialize-Logging.Tests.ps1">
        <results>
          <test-suite type="TestFixture" name="Initialize-Logging" executed="True" result="Success" success="True" time="0.419" asserts="0" description="Initialize-Logging">
            <results>
              <test-suite type="TestFixture" name="Default logging" executed="True" result="Success" success="True" time="0.2209" asserts="0" description="Default logging">
                <results>
                  <test-case description="should set the the default log file" name="Initialize-Logging.Default logging.should set the the default log file" time="0.1924" asserts="0" success="True" result="Success" executed="True" />
                  <test-case description="should set the the log file parameters" name="Initialize-Logging.Default logging.should set the the log file parameters" time="0.0285" asserts="0" success="True" result="Success" executed="True" />
                </results>
              </test-suite>
              <test-suite type="TestFixture" name="Console only logging" executed="True" result="Success" success="True" time="0.0844" asserts="0" description="Console only logging">
                <results>
                  <test-case description="should set the the console log file" name="Initialize-Logging.Console only logging.should set the the console log file" time="0.0844" asserts="0" success="True" result="Success" executed="True" />
                </results>
              </test-suite>
              <test-suite type="TestFixture" name="Custom logging" executed="True" result="Success" success="True" time="0.1137" asserts="0" description="Custom logging">
                <results>
                  <test-case description="should set the the custom log file" name="Initialize-Logging.Custom logging.should set the the custom log file" time="0.0904" asserts="0" success="True" result="Success" executed="True" />
                  <test-case description="should set the the custom parameters" name="Initialize-Logging.Custom logging.should set the the custom parameters" time="0.0233" asserts="0" success="True" result="Success" executed="True" />
                </results>
              </test-suite>
            </results>
          </test-suite>
        </results>
      </test-suite>
      <test-suite type="TestFixture" name="C:\code\PsLogging\tests\Write-LogDebug.Tests.ps1" executed="True" result="Success" success="True" time="0.2519" asserts="0" description="C:\code\PsLogging\tests\Write-LogDebug.Tests.ps1">
        <results>
          <test-suite type="TestFixture" name="Write-LogDebug" executed="True" result="Success" success="True" time="0.2519" asserts="0" description="Write-LogDebug">
            <results>
              <test-suite type="TestFixture" name="Write an debug log message" executed="True" result="Success" success="True" time="0.2519" asserts="0" description="Write an debug log message">
                <results>
                  <test-case description="should write a log message" name="Write-LogDebug.Write an debug log message.should write a log message" time="0.2519" asserts="0" success="True" result="Success" executed="True" />
                </results>
              </test-suite>
            </results>
          </test-suite>
        </results>
      </test-suite>
      <test-suite type="TestFixture" name="C:\code\PsLogging\tests\Write-LogFatal.Tests.ps1" executed="True" result="Success" success="True" time="0.2167" asserts="0" description="C:\code\PsLogging\tests\Write-LogFatal.Tests.ps1">
        <results>
          <test-suite type="TestFixture" name="Write-LogWarn" executed="True" result="Success" success="True" time="0.2167" asserts="0" description="Write-LogWarn">
            <results>
              <test-suite type="TestFixture" name="Write an warn log message" executed="True" result="Success" success="True" time="0.2167" asserts="0" description="Write an warn log message">
                <results>
                  <test-case description="should write a log message" name="Write-LogWarn.Write an warn log message.should write a log message" time="0.2167" asserts="0" success="True" result="Success" executed="True" />
                </results>
              </test-suite>
            </results>
          </test-suite>
        </results>
      </test-suite>
      <test-suite type="TestFixture" name="C:\code\PsLogging\tests\Write-LogInfo.Tests.ps1" executed="True" result="Success" success="True" time="0.3026" asserts="0" description="C:\code\PsLogging\tests\Write-LogInfo.Tests.ps1">
        <results>
          <test-suite type="TestFixture" name="Write-LogInfo" executed="True" result="Success" success="True" time="0.3026" asserts="0" description="Write-LogInfo">
            <results>
              <test-suite type="TestFixture" name="Write an info log message" executed="True" result="Success" success="True" time="0.3026" asserts="0" description="Write an info log message">
                <results>
                  <test-case description="should write a log message" name="Write-LogInfo.Write an info log message.should write a log message" time="0.3026" asserts="0" success="True" result="Success" executed="True" />
                </results>
              </test-suite>
            </results>
          </test-suite>
        </results>
      </test-suite>
      <test-suite type="TestFixture" name="C:\code\PsLogging\tests\Write-LogTrace.Tests.ps1" executed="True" result="Success" success="True" time="0.195" asserts="0" description="C:\code\PsLogging\tests\Write-LogTrace.Tests.ps1">
        <results>
          <test-suite type="TestFixture" name="Write-LogTrace" executed="True" result="Success" success="True" time="0.195" asserts="0" description="Write-LogTrace">
            <results>
              <test-suite type="TestFixture" name="Write an trace log message" executed="True" result="Success" success="True" time="0.195" asserts="0" description="Write an trace log message">
                <results>
                  <test-case description="should write a log message" name="Write-LogTrace.Write an trace log message.should write a log message" time="0.195" asserts="0" success="True" result="Success" executed="True" />
                </results>
              </test-suite>
            </results>
          </test-suite>
        </results>
      </test-suite>
      <test-suite type="TestFixture" name="C:\code\PsLogging\tests\Write-LogWarn.Tests.ps1" executed="True" result="Success" success="True" time="0.3011" asserts="0" description="C:\code\PsLogging\tests\Write-LogWarn.Tests.ps1">
        <results>
          <test-suite type="TestFixture" name="Write-LogWarn" executed="True" result="Success" success="True" time="0.3011" asserts="0" description="Write-LogWarn">
            <results>
              <test-suite type="TestFixture" name="Write an warn log message" executed="True" result="Success" success="True" time="0.3011" asserts="0" description="Write an warn log message">
                <results>
                  <test-case description="should write a log message" name="Write-LogWarn.Write an warn log message.should write a log message" time="0.3011" asserts="0" success="True" result="Success" executed="True" />
                </results>
              </test-suite>
            </results>
          </test-suite>
        </results>
      </test-suite>
    </results>
  </test-suite>
</test-results>