<?xml version="1.0" encoding="utf-8" standalone="no"?>
<test-results xmlns:xsi="http://www.w3.org/2001/XMLSchema-instance" xsi:noNamespaceSchemaLocation="nunit_schema_2.5.xsd" name="Pester" total="659" errors="0" failures="1" not-run="0" inconclusive="0" ignored="0" skipped="0" invalid="0" date="2017-07-08" time="20:25:39">
  <environment user="ferga" machine-name="DESKTOP-PC1JBHQ" cwd="C:\code\CredentialStore\appveyor" user-domain="DESKTOP-PC1JBHQ" platform="Microsoft Windows 10 Pro|C:\WINDOWS|\Device\Harddisk0\Partition2" nunit-version="2.5.8.0" os-version="10.0.15063" clr-version="4.0.30319.42000" />
  <culture-info current-culture="en-AU" current-uiculture="en-US" />
  <test-suite type="TestFixture" name="Pester" executed="True" result="Failure" success="False" time="37.4622" asserts="0" description="Pester">
    <results>
      <test-suite type="TestFixture" name="C:\code\CredentialStore\modules\CredentialStore\tests\Get-CsCredential.Tests.ps1" executed="True" result="Success" success="True" time="0.5598" asserts="0" description="C:\code\CredentialStore\modules\CredentialStore\tests\Get-CsCredential.Tests.ps1">
        <results>
          <test-suite type="TestFixture" name="Get-CsCredential" executed="True" result="Success" success="True" time="0.5598" asserts="0" description="Get-CsCredential">
            <results>
              <test-suite type="TestFixture" name="Get a single Credential" executed="True" result="Success" success="True" time="0.3405" asserts="0" description="Get a single Credential">
                <results>
                  <test-case description="should get a single user" name="Get-CsCredential.Get a single Credential.should get a single user" time="0.3405" asserts="0" success="True" result="Success" executed="True" />
                </results>
              </test-suite>
              <test-suite type="TestFixture" name="Credential does not exist" executed="True" result="Success" success="True" time="0.1268" asserts="0" description="Credential does not exist">
                <results>
                  <test-case description="should throw a exception" name="Get-CsCredential.Credential does not exist.should throw a exception" time="0.1268" asserts="0" success="True" result="Success" executed="True" />
                </results>
              </test-suite>
              <test-suite type="TestFixture" name="CredentialStore file does not exist" executed="True" result="Success" success="True" time="0.0925" asserts="0" description="CredentialStore file does not exist">
                <results>
                  <test-case description="should throw a validation exception" name="Get-CsCredential.CredentialStore file does not exist.should throw a validation exception" time="0.0925" asserts="0" success="True" result="Success" executed="True" />
                </results>
              </test-suite>
            </results>
          </test-suite>
        </results>
      </test-suite>
      <test-suite type="TestFixture" name="C:\code\CredentialStore\modules\CredentialStore\tests\Get-CsEntry.Tests.ps1" executed="True" result="Success" success="True" time="1.2219" asserts="0" description="C:\code\CredentialStore\modules\CredentialStore\tests\Get-CsEntry.Tests.ps1">
        <results>
          <test-suite type="TestFixture" name="Get-CsEntry" executed="True" result="Success" success="True" time="1.2219" asserts="0" description="Get-CsEntry">
            <results>
              <test-suite type="TestFixture" name="Get all the Entries" executed="True" result="Success" success="True" time="0.5485" asserts="0" description="Get all the Entries">
                <results>
                  <test-case description="should get all the entries" name="Get-CsEntry.Get all the Entries.should get all the entries" time="0.5485" asserts="0" success="True" result="Success" executed="True" />
                </results>
              </test-suite>
              <test-suite type="TestFixture" name="Getting entries by Name" executed="True" result="Success" success="True" time="0.3823" asserts="0" description="Getting entries by Name">
                <results>
                  <test-case description="should be able to get an entry by its exact name" name="Get-CsEntry.Getting entries by Name.should be able to get an entry by its exact name" time="0.1246" asserts="0" success="True" result="Success" executed="True" />
                  <test-case description="should be able to get an entries by regex pattern" name="Get-CsEntry.Getting entries by Name.should be able to get an entries by regex pattern" time="0.1295" asserts="0" success="True" result="Success" executed="True" />
                  <test-case description="should be able to get an entries by any regex pattern in name array" name="Get-CsEntry.Getting entries by Name.should be able to get an entries by any regex pattern in name array" time="0.1283" asserts="0" success="True" result="Success" executed="True" />
                </results>
              </test-suite>
              <test-suite type="TestFixture" name="CredentialStore file does not exist" executed="True" result="Success" success="True" time="0.07" asserts="0" description="CredentialStore file does not exist">
                <results>
                  <test-case description="should throw a validation exception" name="Get-CsEntry.CredentialStore file does not exist.should throw a validation exception" time="0.07" asserts="0" success="True" result="Success" executed="True" />
                </results>
              </test-suite>
              <test-suite type="TestFixture" name="CredentialStore is for a different user" executed="True" result="Success" success="True" time="0.1008" asserts="0" description="CredentialStore is for a different user">
                <results>
                  <test-case description="should throw a exception" name="Get-CsEntry.CredentialStore is for a different user.should throw a exception" time="0.1008" asserts="0" success="True" result="Success" executed="True" />
                </results>
              </test-suite>
              <test-suite type="TestFixture" name="CredentialStore is for a different computer" executed="True" result="Success" success="True" time="0.1204" asserts="0" description="CredentialStore is for a different computer">
                <results>
                  <test-case description="should throw a exception" name="Get-CsEntry.CredentialStore is for a different computer.should throw a exception" time="0.1204" asserts="0" success="True" result="Success" executed="True" />
                </results>
              </test-suite>
            </results>
          </test-suite>
        </results>
      </test-suite>
      <test-suite type="TestFixture" name="C:\code\CredentialStore\modules\CredentialStore\tests\Get-CsPassword.Tests.ps1" executed="True" result="Success" success="True" time="0.6485" asserts="0" description="C:\code\CredentialStore\modules\CredentialStore\tests\Get-CsPassword.Tests.ps1">
        <results>
          <test-suite type="TestFixture" name="Get-CsPassword" executed="True" result="Success" success="True" time="0.6485" asserts="0" description="Get-CsPassword">
            <results>
              <test-suite type="TestFixture" name="Get a single Password" executed="True" result="Success" success="True" time="0.3007" asserts="0" description="Get a single Password">
                <results>
                  <test-case description="should get a single Password" name="Get-CsPassword.Get a single Password.should get a single Password" time="0.3007" asserts="0" success="True" result="Success" executed="True" />
                </results>
              </test-suite>
              <test-suite type="TestFixture" name="Get a single raw Password" executed="True" result="Success" success="True" time="0.1119" asserts="0" description="Get a single raw Password">
                <results>
                  <test-case description="should get a single Password" name="Get-CsPassword.Get a single raw Password.should get a single Password" time="0.1119" asserts="0" success="True" result="Success" executed="True" />
                </results>
              </test-suite>
              <test-suite type="TestFixture" name="Entry does not exist" executed="True" result="Success" success="True" time="0.1326" asserts="0" description="Entry does not exist">
                <results>
                  <test-case description="should throw a exception" name="Get-CsPassword.Entry does not exist.should throw a exception" time="0.1326" asserts="0" success="True" result="Success" executed="True" />
                </results>
              </test-suite>
              <test-suite type="TestFixture" name="CredentialStore file does not exist" executed="True" result="Success" success="True" time="0.1034" asserts="0" description="CredentialStore file does not exist">
                <results>
                  <test-case description="should throw a validation exception" name="Get-CsPassword.CredentialStore file does not exist.should throw a validation exception" time="0.1034" asserts="0" success="True" result="Success" executed="True" />
                </results>
              </test-suite>
            </results>
          </test-suite>
        </results>
      </test-suite>
      <test-suite type="TestFixture" name="C:\code\CredentialStore\modules\CredentialStore\tests\Initialize-CsStore.Tests.ps1" executed="True" result="Success" success="True" time="0.5154" asserts="0" description="C:\code\CredentialStore\modules\CredentialStore\tests\Initialize-CsStore.Tests.ps1">
        <results>
          <test-suite type="TestFixture" name="Initialize-CsStore" executed="True" result="Success" success="True" time="0.5154" asserts="0" description="Initialize-CsStore">
            <results>
              <test-suite type="TestFixture" name="Create a new CredentialStore file" executed="True" result="Success" success="True" time="0.2217" asserts="0" description="Create a new CredentialStore file">
                <results>
                  <test-case description="should create a new CredentialStore file" name="Initialize-CsStore.Create a new CredentialStore file.should create a new CredentialStore file" time="0.199" asserts="0" success="True" result="Success" executed="True" />
                  <test-case description="should contain an empty credentials collection" name="Initialize-CsStore.Create a new CredentialStore file.should contain an empty credentials collection" time="0.0228" asserts="0" success="True" result="Success" executed="True" />
                </results>
              </test-suite>
              <test-suite type="TestFixture" name="File already exists exist" executed="True" result="Success" success="True" time="0.0935" asserts="0" description="File already exists exist">
                <results>
                  <test-case description="should throw an exception" name="Initialize-CsStore.File already exists exist.should throw an exception" time="0.0935" asserts="0" success="True" result="Success" executed="True" />
                </results>
              </test-suite>
              <test-suite type="TestFixture" name="New CredentialStore should set file meta data" executed="True" result="Success" success="True" time="0.2001" asserts="0" description="New CredentialStore should set file meta data">
                <results>
                  <test-case description="should set the username" name="Initialize-CsStore.New CredentialStore should set file meta data.should set the username" time="0.1504" asserts="0" success="True" result="Success" executed="True" />
                  <test-case description="should set the computer name" name="Initialize-CsStore.New CredentialStore should set file meta data.should set the computer name" time="0.0182" asserts="0" success="True" result="Success" executed="True" />
                  <test-case description="should set the created date" name="Initialize-CsStore.New CredentialStore should set file meta data.should set the created date" time="0.0315" asserts="0" success="True" result="Success" executed="True" />
                </results>
              </test-suite>
            </results>
          </test-suite>
        </results>
      </test-suite>
      <test-suite type="TestFixture" name="C:\code\CredentialStore\modules\CredentialStore\tests\PSScriptAnalyzer.Tests.ps1" executed="True" result="Success" success="True" time="22.6715" asserts="0" description="C:\code\CredentialStore\modules\CredentialStore\tests\PSScriptAnalyzer.Tests.ps1">
        <results>
          <test-suite type="TestFixture" name="Testing all Modules against default PSScriptAnalyzer rule-set" executed="True" result="Success" success="True" time="2.4814" asserts="0" description="Testing all Modules against default PSScriptAnalyzer rule-set">
            <results>
              <test-suite type="TestFixture" name="Testing Module 'C:\code\CredentialStore\modules\CredentialStore\CredentialStore.psm1'" executed="True" result="Success" success="True" time="2.4814" asserts="0" description="Testing Module 'C:\code\CredentialStore\modules\CredentialStore\CredentialStore.psm1'">
                <results>
                  <test-case description="passes the PSScriptAnalyzer Rule PSAvoidUsingCmdletAliases" name="Testing all Modules against default PSScriptAnalyzer rule-set.Testing Module 'C:\code\CredentialStore\modules\CredentialStore\CredentialStore.psm1'.passes the PSScriptAnalyzer Rule PSAvoidUsingCmdletAliases" time="0.1819" asserts="0" success="True" result="Success" executed="True" />
                  <test-case description="passes the PSScriptAnalyzer Rule PSAvoidDefaultValueSwitchParameter" name="Testing all Modules against default PSScriptAnalyzer rule-set.Testing Module 'C:\code\CredentialStore\modules\CredentialStore\CredentialStore.psm1'.passes the PSScriptAnalyzer Rule PSAvoidDefaultValueSwitchParameter" time="0.0348" asserts="0" success="True" result="Success" executed="True" />
                  <test-case description="passes the PSScriptAnalyzer Rule PSAvoidUsingEmptyCatchBlock" name="Testing all Modules against default PSScriptAnalyzer rule-set.Testing Module 'C:\code\CredentialStore\modules\CredentialStore\CredentialStore.psm1'.passes the PSScriptAnalyzer Rule PSAvoidUsingEmptyCatchBlock" time="0.0375" asserts="0" success="True" result="Success" executed="True" />
                  <test-case description="passes the PSScriptAnalyzer Rule PSAvoidGlobalVars" name="Testing all Modules against default PSScriptAnalyzer rule-set.Testing Module 'C:\code\CredentialStore\modules\CredentialStore\CredentialStore.psm1'.passes the PSScriptAnalyzer Rule PSAvoidGlobalVars" time="0.0382" asserts="0" success="True" result="Success" executed="True" />
                  <test-case description="passes the PSScriptAnalyzer Rule PSAvoidInvokingEmptyMembers" name="Testing all Modules against default PSScriptAnalyzer rule-set.Testing Module 'C:\code\CredentialStore\modules\CredentialStore\CredentialStore.psm1'.passes the PSScriptAnalyzer Rule PSAvoidInvokingEmptyMembers" time="0.0346" asserts="0" success="True" result="Success" executed="True" />
                  <test-case description="passes the PSScriptAnalyzer Rule PSAvoidNullOrEmptyHelpMessageAttribute" name="Testing all Modules against default PSScriptAnalyzer rule-set.Testing Module 'C:\code\CredentialStore\modules\CredentialStore\CredentialStore.psm1'.passes the PSScriptAnalyzer Rule PSAvoidNullOrEmptyHelpMessageAttribute" time="0.0534" asserts="0" success="True" result="Success" executed="True" />
                  <test-case description="passes the PSScriptAnalyzer Rule PSAvoidUsingPositionalParameters" name="Testing all Modules against default PSScriptAnalyzer rule-set.Testing Module 'C:\code\CredentialStore\modules\CredentialStore\CredentialStore.psm1'.passes the PSScriptAnalyzer Rule PSAvoidUsingPositionalParameters" time="0.3217" asserts="0" success="True" result="Success" executed="True" />
                  <test-case description="passes the PSScriptAnalyzer Rule PSReservedCmdletChar" name="Testing all Modules against default PSScriptAnalyzer rule-set.Testing Module 'C:\code\CredentialStore\modules\CredentialStore\CredentialStore.psm1'.passes the PSScriptAnalyzer Rule PSReservedCmdletChar" time="0.066" asserts="0" success="True" result="Success" executed="True" />
                  <test-case description="passes the PSScriptAnalyzer Rule PSReservedParams" name="Testing all Modules against default PSScriptAnalyzer rule-set.Testing Module 'C:\code\CredentialStore\modules\CredentialStore\CredentialStore.psm1'.passes the PSScriptAnalyzer Rule PSReservedParams" time="0.0543" asserts="0" success="True" result="Success" executed="True" />
                  <test-case description="passes the PSScriptAnalyzer Rule PSAvoidShouldContinueWithoutForce" name="Testing all Modules against default PSScriptAnalyzer rule-set.Testing Module 'C:\code\CredentialStore\modules\CredentialStore\CredentialStore.psm1'.passes the PSScriptAnalyzer Rule PSAvoidShouldContinueWithoutForce" time="0.0614" asserts="0" success="True" result="Success" executed="True" />
                  <test-case description="passes the PSScriptAnalyzer Rule PSAvoidUsingDeprecatedManifestFields" name="Testing all Modules against default PSScriptAnalyzer rule-set.Testing Module 'C:\code\CredentialStore\modules\CredentialStore\CredentialStore.psm1'.passes the PSScriptAnalyzer Rule PSAvoidUsingDeprecatedManifestFields" time="0.032" asserts="0" success="True" result="Success" executed="True" />
                  <test-case description="passes the PSScriptAnalyzer Rule PSAvoidDefaultValueForMandatoryParameter" name="Testing all Modules against default PSScriptAnalyzer rule-set.Testing Module 'C:\code\CredentialStore\modules\CredentialStore\CredentialStore.psm1'.passes the PSScriptAnalyzer Rule PSAvoidDefaultValueForMandatoryParameter" time="0.0518" asserts="0" success="True" result="Success" executed="True" />
                  <test-case description="passes the PSScriptAnalyzer Rule PSAvoidUsingUserNameAndPassWordParams" name="Testing all Modules against default PSScriptAnalyzer rule-set.Testing Module 'C:\code\CredentialStore\modules\CredentialStore\CredentialStore.psm1'.passes the PSScriptAnalyzer Rule PSAvoidUsingUserNameAndPassWordParams" time="0.0365" asserts="0" success="True" result="Success" executed="True" />
                  <test-case description="passes the PSScriptAnalyzer Rule PSAvoidUsingComputerNameHardcoded" name="Testing all Modules against default PSScriptAnalyzer rule-set.Testing Module 'C:\code\CredentialStore\modules\CredentialStore\CredentialStore.psm1'.passes the PSScriptAnalyzer Rule PSAvoidUsingComputerNameHardcoded" time="0.0631" asserts="0" success="True" result="Success" executed="True" />
                  <test-case description="passes the PSScriptAnalyzer Rule PSAvoidUsingConvertToSecureStringWithPlainText" name="Testing all Modules against default PSScriptAnalyzer rule-set.Testing Module 'C:\code\CredentialStore\modules\CredentialStore\CredentialStore.psm1'.passes the PSScriptAnalyzer Rule PSAvoidUsingConvertToSecureStringWithPlainText" time="0.0366" asserts="0" success="True" result="Success" executed="True" />
                  <test-case description="passes the PSScriptAnalyzer Rule PSAvoidUsingInvokeExpression" name="Testing all Modules against default PSScriptAnalyzer rule-set.Testing Module 'C:\code\CredentialStore\modules\CredentialStore\CredentialStore.psm1'.passes the PSScriptAnalyzer Rule PSAvoidUsingInvokeExpression" time="0.0427" asserts="0" success="True" result="Success" executed="True" />
                  <test-case description="passes the PSScriptAnalyzer Rule PSAvoidUsingPlainTextForPassword" name="Testing all Modules against default PSScriptAnalyzer rule-set.Testing Module 'C:\code\CredentialStore\modules\CredentialStore\CredentialStore.psm1'.passes the PSScriptAnalyzer Rule PSAvoidUsingPlainTextForPassword" time="0.0322" asserts="0" success="True" result="Success" executed="True" />
                  <test-case description="passes the PSScriptAnalyzer Rule PSAvoidUsingWMICmdlet" name="Testing all Modules against default PSScriptAnalyzer rule-set.Testing Module 'C:\code\CredentialStore\modules\CredentialStore\CredentialStore.psm1'.passes the PSScriptAnalyzer Rule PSAvoidUsingWMICmdlet" time="0.0359" asserts="0" success="True" result="Success" executed="True" />
                  <test-case description="passes the PSScriptAnalyzer Rule PSAvoidUsingWriteHost" name="Testing all Modules against default PSScriptAnalyzer rule-set.Testing Module 'C:\code\CredentialStore\modules\CredentialStore\CredentialStore.psm1'.passes the PSScriptAnalyzer Rule PSAvoidUsingWriteHost" time="0.0413" asserts="0" success="True" result="Success" executed="True" />
                  <test-case description="passes the PSScriptAnalyzer Rule PSMisleadingBacktick" name="Testing all Modules against default PSScriptAnalyzer rule-set.Testing Module 'C:\code\CredentialStore\modules\CredentialStore\CredentialStore.psm1'.passes the PSScriptAnalyzer Rule PSMisleadingBacktick" time="0.0327" asserts="0" success="True" result="Success" executed="True" />
                  <test-case description="passes the PSScriptAnalyzer Rule PSUseBOMForUnicodeEncodedFile" name="Testing all Modules against default PSScriptAnalyzer rule-set.Testing Module 'C:\code\CredentialStore\modules\CredentialStore\CredentialStore.psm1'.passes the PSScriptAnalyzer Rule PSUseBOMForUnicodeEncodedFile" time="0.0419" asserts="0" success="True" result="Success" executed="True" />
                  <test-case description="passes the PSScriptAnalyzer Rule PSUseToExportFieldsInManifest" name="Testing all Modules against default PSScriptAnalyzer rule-set.Testing Module 'C:\code\CredentialStore\modules\CredentialStore\CredentialStore.psm1'.passes the PSScriptAnalyzer Rule PSUseToExportFieldsInManifest" time="0.0343" asserts="0" success="True" result="Success" executed="True" />
                  <test-case description="passes the PSScriptAnalyzer Rule PSUseOutputTypeCorrectly" name="Testing all Modules against default PSScriptAnalyzer rule-set.Testing Module 'C:\code\CredentialStore\modules\CredentialStore\CredentialStore.psm1'.passes the PSScriptAnalyzer Rule PSUseOutputTypeCorrectly" time="0.0321" asserts="0" success="True" result="Success" executed="True" />
                  <test-case description="passes the PSScriptAnalyzer Rule PSMissingModuleManifestField" name="Testing all Modules against default PSScriptAnalyzer rule-set.Testing Module 'C:\code\CredentialStore\modules\CredentialStore\CredentialStore.psm1'.passes the PSScriptAnalyzer Rule PSMissingModuleManifestField" time="0.0301" asserts="0" success="True" result="Success" executed="True" />
                  <test-case description="passes the PSScriptAnalyzer Rule PSPossibleIncorrectComparisonWithNull" name="Testing all Modules against default PSScriptAnalyzer rule-set.Testing Module 'C:\code\CredentialStore\modules\CredentialStore\CredentialStore.psm1'.passes the PSScriptAnalyzer Rule PSPossibleIncorrectComparisonWithNull" time="0.0432" asserts="0" success="True" result="Success" executed="True" />
                  <test-case description="passes the PSScriptAnalyzer Rule PSProvideCommentHelp" name="Testing all Modules against default PSScriptAnalyzer rule-set.Testing Module 'C:\code\CredentialStore\modules\CredentialStore\CredentialStore.psm1'.passes the PSScriptAnalyzer Rule PSProvideCommentHelp" time="0.0579" asserts="0" success="True" result="Success" executed="True" />
                  <test-case description="passes the PSScriptAnalyzer Rule PSUseApprovedVerbs" name="Testing all Modules against default PSScriptAnalyzer rule-set.Testing Module 'C:\code\CredentialStore\modules\CredentialStore\CredentialStore.psm1'.passes the PSScriptAnalyzer Rule PSUseApprovedVerbs" time="0.0684" asserts="0" success="True" result="Success" executed="True" />
                  <test-case description="passes the PSScriptAnalyzer Rule PSUseCmdletCorrectly" name="Testing all Modules against default PSScriptAnalyzer rule-set.Testing Module 'C:\code\CredentialStore\modules\CredentialStore\CredentialStore.psm1'.passes the PSScriptAnalyzer Rule PSUseCmdletCorrectly" time="0.3172" asserts="0" success="True" result="Success" executed="True" />
                  <test-case description="passes the PSScriptAnalyzer Rule PSUseDeclaredVarsMoreThanAssignments" name="Testing all Modules against default PSScriptAnalyzer rule-set.Testing Module 'C:\code\CredentialStore\modules\CredentialStore\CredentialStore.psm1'.passes the PSScriptAnalyzer Rule PSUseDeclaredVarsMoreThanAssignments" time="0.0517" asserts="0" success="True" result="Success" executed="True" />
                  <test-case description="passes the PSScriptAnalyzer Rule PSUsePSCredentialType" name="Testing all Modules against default PSScriptAnalyzer rule-set.Testing Module 'C:\code\CredentialStore\modules\CredentialStore\CredentialStore.psm1'.passes the PSScriptAnalyzer Rule PSUsePSCredentialType" time="0.0603" asserts="0" success="True" result="Success" executed="True" />
                  <test-case description="passes the PSScriptAnalyzer Rule PSShouldProcess" name="Testing all Modules against default PSScriptAnalyzer rule-set.Testing Module 'C:\code\CredentialStore\modules\CredentialStore\CredentialStore.psm1'.passes the PSScriptAnalyzer Rule PSShouldProcess" time="0.0636" asserts="0" success="True" result="Success" executed="True" />
                  <test-case description="passes the PSScriptAnalyzer Rule PSUseShouldProcessForStateChangingFunctions" name="Testing all Modules against default PSScriptAnalyzer rule-set.Testing Module 'C:\code\CredentialStore\modules\CredentialStore\CredentialStore.psm1'.passes the PSScriptAnalyzer Rule PSUseShouldProcessForStateChangingFunctions" time="0.0393" asserts="0" success="True" result="Success" executed="True" />
                  <test-case description="passes the PSScriptAnalyzer Rule PSUseSingularNouns" name="Testing all Modules against default PSScriptAnalyzer rule-set.Testing Module 'C:\code\CredentialStore\modules\CredentialStore\CredentialStore.psm1'.passes the PSScriptAnalyzer Rule PSUseSingularNouns" time="0.0415" asserts="0" success="True" result="Success" executed="True" />
                  <test-case description="passes the PSScriptAnalyzer Rule PSUseUTF8EncodingForHelpFile" name="Testing all Modules against default PSScriptAnalyzer rule-set.Testing Module 'C:\code\CredentialStore\modules\CredentialStore\CredentialStore.psm1'.passes the PSScriptAnalyzer Rule PSUseUTF8EncodingForHelpFile" time="0.0346" asserts="0" success="True" result="Success" executed="True" />
                  <test-case description="passes the PSScriptAnalyzer Rule PSDSCDscTestsPresent" name="Testing all Modules against default PSScriptAnalyzer rule-set.Testing Module 'C:\code\CredentialStore\modules\CredentialStore\CredentialStore.psm1'.passes the PSScriptAnalyzer Rule PSDSCDscTestsPresent" time="0.0297" asserts="0" success="True" result="Success" executed="True" />
                  <test-case description="passes the PSScriptAnalyzer Rule PSDSCDscExamplesPresent" name="Testing all Modules against default PSScriptAnalyzer rule-set.Testing Module 'C:\code\CredentialStore\modules\CredentialStore\CredentialStore.psm1'.passes the PSScriptAnalyzer Rule PSDSCDscExamplesPresent" time="0.0449" asserts="0" success="True" result="Success" executed="True" />
                  <test-case description="passes the PSScriptAnalyzer Rule PSDSCUseVerboseMessageInDSCResource" name="Testing all Modules against default PSScriptAnalyzer rule-set.Testing Module 'C:\code\CredentialStore\modules\CredentialStore\CredentialStore.psm1'.passes the PSScriptAnalyzer Rule PSDSCUseVerboseMessageInDSCResource" time="0.0344" asserts="0" success="True" result="Success" executed="True" />
                  <test-case description="passes the PSScriptAnalyzer Rule PSDSCUseIdenticalMandatoryParametersForDSC" name="Testing all Modules against default PSScriptAnalyzer rule-set.Testing Module 'C:\code\CredentialStore\modules\CredentialStore\CredentialStore.psm1'.passes the PSScriptAnalyzer Rule PSDSCUseIdenticalMandatoryParametersForDSC" time="0.0379" asserts="0" success="True" result="Success" executed="True" />
                  <test-case description="passes the PSScriptAnalyzer Rule PSDSCUseIdenticalParametersForDSC" name="Testing all Modules against default PSScriptAnalyzer rule-set.Testing Module 'C:\code\CredentialStore\modules\CredentialStore\CredentialStore.psm1'.passes the PSScriptAnalyzer Rule PSDSCUseIdenticalParametersForDSC" time="0.0365" asserts="0" success="True" result="Success" executed="True" />
                  <test-case description="passes the PSScriptAnalyzer Rule PSDSCStandardDSCFunctionsInResource" name="Testing all Modules against default PSScriptAnalyzer rule-set.Testing Module 'C:\code\CredentialStore\modules\CredentialStore\CredentialStore.psm1'.passes the PSScriptAnalyzer Rule PSDSCStandardDSCFunctionsInResource" time="0.0467" asserts="0" success="True" result="Success" executed="True" />
                  <test-case description="passes the PSScriptAnalyzer Rule PSDSCReturnCorrectTypesForDSCFunctions" name="Testing all Modules against default PSScriptAnalyzer rule-set.Testing Module 'C:\code\CredentialStore\modules\CredentialStore\CredentialStore.psm1'.passes the PSScriptAnalyzer Rule PSDSCReturnCorrectTypesForDSCFunctions" time="0.0466" asserts="0" success="True" result="Success" executed="True" />
                </results>
              </test-suite>
            </results>
          </test-suite>
          <test-suite type="TestFixture" name="Testing all Script against default PSScriptAnalyzer rule-set" executed="True" result="Success" success="True" time="20.1901" asserts="0" description="Testing all Script against default PSScriptAnalyzer rule-set">
            <results>
              <test-suite type="TestFixture" name="Testing Script 'C:\code\CredentialStore\modules\CredentialStore\src\Get-CsCredential.ps1'" executed="True" result="Success" success="True" time="2.3115" asserts="0" description="Testing Script 'C:\code\CredentialStore\modules\CredentialStore\src\Get-CsCredential.ps1'">
                <results>
                  <test-case description="passes the PSScriptAnalyzer Rule PSAvoidUsingCmdletAliases" name="Testing all Script against default PSScriptAnalyzer rule-set.Testing Script 'C:\code\CredentialStore\modules\CredentialStore\src\Get-CsCredential.ps1'.passes the PSScriptAnalyzer Rule PSAvoidUsingCmdletAliases" time="0.1521" asserts="0" success="True" result="Success" executed="True" />
                  <test-case description="passes the PSScriptAnalyzer Rule PSAvoidDefaultValueSwitchParameter" name="Testing all Script against default PSScriptAnalyzer rule-set.Testing Script 'C:\code\CredentialStore\modules\CredentialStore\src\Get-CsCredential.ps1'.passes the PSScriptAnalyzer Rule PSAvoidDefaultValueSwitchParameter" time="0.0482" asserts="0" success="True" result="Success" executed="True" />
                  <test-case description="passes the PSScriptAnalyzer Rule PSAvoidUsingEmptyCatchBlock" name="Testing all Script against default PSScriptAnalyzer rule-set.Testing Script 'C:\code\CredentialStore\modules\CredentialStore\src\Get-CsCredential.ps1'.passes the PSScriptAnalyzer Rule PSAvoidUsingEmptyCatchBlock" time="0.0426" asserts="0" success="True" result="Success" executed="True" />
                  <test-case description="passes the PSScriptAnalyzer Rule PSAvoidGlobalVars" name="Testing all Script against default PSScriptAnalyzer rule-set.Testing Script 'C:\code\CredentialStore\modules\CredentialStore\src\Get-CsCredential.ps1'.passes the PSScriptAnalyzer Rule PSAvoidGlobalVars" time="0.0302" asserts="0" success="True" result="Success" executed="True" />
                  <test-case description="passes the PSScriptAnalyzer Rule PSAvoidInvokingEmptyMembers" name="Testing all Script against default PSScriptAnalyzer rule-set.Testing Script 'C:\code\CredentialStore\modules\CredentialStore\src\Get-CsCredential.ps1'.passes the PSScriptAnalyzer Rule PSAvoidInvokingEmptyMembers" time="0.0406" asserts="0" success="True" result="Success" executed="True" />
                  <test-case description="passes the PSScriptAnalyzer Rule PSAvoidNullOrEmptyHelpMessageAttribute" name="Testing all Script against default PSScriptAnalyzer rule-set.Testing Script 'C:\code\CredentialStore\modules\CredentialStore\src\Get-CsCredential.ps1'.passes the PSScriptAnalyzer Rule PSAvoidNullOrEmptyHelpMessageAttribute" time="0.0369" asserts="0" success="True" result="Success" executed="True" />
                  <test-case description="passes the PSScriptAnalyzer Rule PSAvoidUsingPositionalParameters" name="Testing all Script against default PSScriptAnalyzer rule-set.Testing Script 'C:\code\CredentialStore\modules\CredentialStore\src\Get-CsCredential.ps1'.passes the PSScriptAnalyzer Rule PSAvoidUsingPositionalParameters" time="0.2895" asserts="0" success="True" result="Success" executed="True" />
                  <test-case description="passes the PSScriptAnalyzer Rule PSReservedCmdletChar" name="Testing all Script against default PSScriptAnalyzer rule-set.Testing Script 'C:\code\CredentialStore\modules\CredentialStore\src\Get-CsCredential.ps1'.passes the PSScriptAnalyzer Rule PSReservedCmdletChar" time="0.0419" asserts="0" success="True" result="Success" executed="True" />
                  <test-case description="passes the PSScriptAnalyzer Rule PSReservedParams" name="Testing all Script against default PSScriptAnalyzer rule-set.Testing Script 'C:\code\CredentialStore\modules\CredentialStore\src\Get-CsCredential.ps1'.passes the PSScriptAnalyzer Rule PSReservedParams" time="0.0489" asserts="0" success="True" result="Success" executed="True" />
                  <test-case description="passes the PSScriptAnalyzer Rule PSAvoidShouldContinueWithoutForce" name="Testing all Script against default PSScriptAnalyzer rule-set.Testing Script 'C:\code\CredentialStore\modules\CredentialStore\src\Get-CsCredential.ps1'.passes the PSScriptAnalyzer Rule PSAvoidShouldContinueWithoutForce" time="0.0392" asserts="0" success="True" result="Success" executed="True" />
                  <test-case description="passes the PSScriptAnalyzer Rule PSAvoidUsingDeprecatedManifestFields" name="Testing all Script against default PSScriptAnalyzer rule-set.Testing Script 'C:\code\CredentialStore\modules\CredentialStore\src\Get-CsCredential.ps1'.passes the PSScriptAnalyzer Rule PSAvoidUsingDeprecatedManifestFields" time="0.0429" asserts="0" success="True" result="Success" executed="True" />
                  <test-case description="passes the PSScriptAnalyzer Rule PSAvoidDefaultValueForMandatoryParameter" name="Testing all Script against default PSScriptAnalyzer rule-set.Testing Script 'C:\code\CredentialStore\modules\CredentialStore\src\Get-CsCredential.ps1'.passes the PSScriptAnalyzer Rule PSAvoidDefaultValueForMandatoryParameter" time="0.0378" asserts="0" success="True" result="Success" executed="True" />
                  <test-case description="passes the PSScriptAnalyzer Rule PSAvoidUsingUserNameAndPassWordParams" name="Testing all Script against default PSScriptAnalyzer rule-set.Testing Script 'C:\code\CredentialStore\modules\CredentialStore\src\Get-CsCredential.ps1'.passes the PSScriptAnalyzer Rule PSAvoidUsingUserNameAndPassWordParams" time="0.0377" asserts="0" success="True" result="Success" executed="True" />
                  <test-case description="passes the PSScriptAnalyzer Rule PSAvoidUsingComputerNameHardcoded" name="Testing all Script against default PSScriptAnalyzer rule-set.Testing Script 'C:\code\CredentialStore\modules\CredentialStore\src\Get-CsCredential.ps1'.passes the PSScriptAnalyzer Rule PSAvoidUsingComputerNameHardcoded" time="0.0428" asserts="0" success="True" result="Success" executed="True" />
                  <test-case description="passes the PSScriptAnalyzer Rule PSAvoidUsingConvertToSecureStringWithPlainText" name="Testing all Script against default PSScriptAnalyzer rule-set.Testing Script 'C:\code\CredentialStore\modules\CredentialStore\src\Get-CsCredential.ps1'.passes the PSScriptAnalyzer Rule PSAvoidUsingConvertToSecureStringWithPlainText" time="0.0381" asserts="0" success="True" result="Success" executed="True" />
                  <test-case description="passes the PSScriptAnalyzer Rule PSAvoidUsingInvokeExpression" name="Testing all Script against default PSScriptAnalyzer rule-set.Testing Script 'C:\code\CredentialStore\modules\CredentialStore\src\Get-CsCredential.ps1'.passes the PSScriptAnalyzer Rule PSAvoidUsingInvokeExpression" time="0.0331" asserts="0" success="True" result="Success" executed="True" />
                  <test-case description="passes the PSScriptAnalyzer Rule PSAvoidUsingPlainTextForPassword" name="Testing all Script against default PSScriptAnalyzer rule-set.Testing Script 'C:\code\CredentialStore\modules\CredentialStore\src\Get-CsCredential.ps1'.passes the PSScriptAnalyzer Rule PSAvoidUsingPlainTextForPassword" time="0.0344" asserts="0" success="True" result="Success" executed="True" />
                  <test-case description="passes the PSScriptAnalyzer Rule PSAvoidUsingWMICmdlet" name="Testing all Script against default PSScriptAnalyzer rule-set.Testing Script 'C:\code\CredentialStore\modules\CredentialStore\src\Get-CsCredential.ps1'.passes the PSScriptAnalyzer Rule PSAvoidUsingWMICmdlet" time="0.0495" asserts="0" success="True" result="Success" executed="True" />
                  <test-case description="passes the PSScriptAnalyzer Rule PSAvoidUsingWriteHost" name="Testing all Script against default PSScriptAnalyzer rule-set.Testing Script 'C:\code\CredentialStore\modules\CredentialStore\src\Get-CsCredential.ps1'.passes the PSScriptAnalyzer Rule PSAvoidUsingWriteHost" time="0.0275" asserts="0" success="True" result="Success" executed="True" />
                  <test-case description="passes the PSScriptAnalyzer Rule PSMisleadingBacktick" name="Testing all Script against default PSScriptAnalyzer rule-set.Testing Script 'C:\code\CredentialStore\modules\CredentialStore\src\Get-CsCredential.ps1'.passes the PSScriptAnalyzer Rule PSMisleadingBacktick" time="0.0519" asserts="0" success="True" result="Success" executed="True" />
                  <test-case description="passes the PSScriptAnalyzer Rule PSUseBOMForUnicodeEncodedFile" name="Testing all Script against default PSScriptAnalyzer rule-set.Testing Script 'C:\code\CredentialStore\modules\CredentialStore\src\Get-CsCredential.ps1'.passes the PSScriptAnalyzer Rule PSUseBOMForUnicodeEncodedFile" time="0.0481" asserts="0" success="True" result="Success" executed="True" />
                  <test-case description="passes the PSScriptAnalyzer Rule PSUseToExportFieldsInManifest" name="Testing all Script against default PSScriptAnalyzer rule-set.Testing Script 'C:\code\CredentialStore\modules\CredentialStore\src\Get-CsCredential.ps1'.passes the PSScriptAnalyzer Rule PSUseToExportFieldsInManifest" time="0.039" asserts="0" success="True" result="Success" executed="True" />
                  <test-case description="passes the PSScriptAnalyzer Rule PSUseOutputTypeCorrectly" name="Testing all Script against default PSScriptAnalyzer rule-set.Testing Script 'C:\code\CredentialStore\modules\CredentialStore\src\Get-CsCredential.ps1'.passes the PSScriptAnalyzer Rule PSUseOutputTypeCorrectly" time="0.0373" asserts="0" success="True" result="Success" executed="True" />
                  <test-case description="passes the PSScriptAnalyzer Rule PSMissingModuleManifestField" name="Testing all Script against default PSScriptAnalyzer rule-set.Testing Script 'C:\code\CredentialStore\modules\CredentialStore\src\Get-CsCredential.ps1'.passes the PSScriptAnalyzer Rule PSMissingModuleManifestField" time="0.0462" asserts="0" success="True" result="Success" executed="True" />
                  <test-case description="passes the PSScriptAnalyzer Rule PSPossibleIncorrectComparisonWithNull" name="Testing all Script against default PSScriptAnalyzer rule-set.Testing Script 'C:\code\CredentialStore\modules\CredentialStore\src\Get-CsCredential.ps1'.passes the PSScriptAnalyzer Rule PSPossibleIncorrectComparisonWithNull" time="0.0312" asserts="0" success="True" result="Success" executed="True" />
                  <test-case description="passes the PSScriptAnalyzer Rule PSProvideCommentHelp" name="Testing all Script against default PSScriptAnalyzer rule-set.Testing Script 'C:\code\CredentialStore\modules\CredentialStore\src\Get-CsCredential.ps1'.passes the PSScriptAnalyzer Rule PSProvideCommentHelp" time="0.0357" asserts="0" success="True" result="Success" executed="True" />
                  <test-case description="passes the PSScriptAnalyzer Rule PSUseApprovedVerbs" name="Testing all Script against default PSScriptAnalyzer rule-set.Testing Script 'C:\code\CredentialStore\modules\CredentialStore\src\Get-CsCredential.ps1'.passes the PSScriptAnalyzer Rule PSUseApprovedVerbs" time="0.0458" asserts="0" success="True" result="Success" executed="True" />
                  <test-case description="passes the PSScriptAnalyzer Rule PSUseCmdletCorrectly" name="Testing all Script against default PSScriptAnalyzer rule-set.Testing Script 'C:\code\CredentialStore\modules\CredentialStore\src\Get-CsCredential.ps1'.passes the PSScriptAnalyzer Rule PSUseCmdletCorrectly" time="0.297" asserts="0" success="True" result="Success" executed="True" />
                  <test-case description="passes the PSScriptAnalyzer Rule PSUseDeclaredVarsMoreThanAssignments" name="Testing all Script against default PSScriptAnalyzer rule-set.Testing Script 'C:\code\CredentialStore\modules\CredentialStore\src\Get-CsCredential.ps1'.passes the PSScriptAnalyzer Rule PSUseDeclaredVarsMoreThanAssignments" time="0.0638" asserts="0" success="True" result="Success" executed="True" />
                  <test-case description="passes the PSScriptAnalyzer Rule PSUsePSCredentialType" name="Testing all Script against default PSScriptAnalyzer rule-set.Testing Script 'C:\code\CredentialStore\modules\CredentialStore\src\Get-CsCredential.ps1'.passes the PSScriptAnalyzer Rule PSUsePSCredentialType" time="0.0445" asserts="0" success="True" result="Success" executed="True" />
                  <test-case description="passes the PSScriptAnalyzer Rule PSShouldProcess" name="Testing all Script against default PSScriptAnalyzer rule-set.Testing Script 'C:\code\CredentialStore\modules\CredentialStore\src\Get-CsCredential.ps1'.passes the PSScriptAnalyzer Rule PSShouldProcess" time="0.0419" asserts="0" success="True" result="Success" executed="True" />
                  <test-case description="passes the PSScriptAnalyzer Rule PSUseShouldProcessForStateChangingFunctions" name="Testing all Script against default PSScriptAnalyzer rule-set.Testing Script 'C:\code\CredentialStore\modules\CredentialStore\src\Get-CsCredential.ps1'.passes the PSScriptAnalyzer Rule PSUseShouldProcessForStateChangingFunctions" time="0.0447" asserts="0" success="True" result="Success" executed="True" />
                  <test-case description="passes the PSScriptAnalyzer Rule PSUseSingularNouns" name="Testing all Script against default PSScriptAnalyzer rule-set.Testing Script 'C:\code\CredentialStore\modules\CredentialStore\src\Get-CsCredential.ps1'.passes the PSScriptAnalyzer Rule PSUseSingularNouns" time="0.0397" asserts="0" success="True" result="Success" executed="True" />
                  <test-case description="passes the PSScriptAnalyzer Rule PSUseUTF8EncodingForHelpFile" name="Testing all Script against default PSScriptAnalyzer rule-set.Testing Script 'C:\code\CredentialStore\modules\CredentialStore\src\Get-CsCredential.ps1'.passes the PSScriptAnalyzer Rule PSUseUTF8EncodingForHelpFile" time="0.0377" asserts="0" success="True" result="Success" executed="True" />
                  <test-case description="passes the PSScriptAnalyzer Rule PSDSCDscTestsPresent" name="Testing all Script against default PSScriptAnalyzer rule-set.Testing Script 'C:\code\CredentialStore\modules\CredentialStore\src\Get-CsCredential.ps1'.passes the PSScriptAnalyzer Rule PSDSCDscTestsPresent" time="0.0293" asserts="0" success="True" result="Success" executed="True" />
                  <test-case description="passes the PSScriptAnalyzer Rule PSDSCDscExamplesPresent" name="Testing all Script against default PSScriptAnalyzer rule-set.Testing Script 'C:\code\CredentialStore\modules\CredentialStore\src\Get-CsCredential.ps1'.passes the PSScriptAnalyzer Rule PSDSCDscExamplesPresent" time="0.0485" asserts="0" success="True" result="Success" executed="True" />
                  <test-case description="passes the PSScriptAnalyzer Rule PSDSCUseVerboseMessageInDSCResource" name="Testing all Script against default PSScriptAnalyzer rule-set.Testing Script 'C:\code\CredentialStore\modules\CredentialStore\src\Get-CsCredential.ps1'.passes the PSScriptAnalyzer Rule PSDSCUseVerboseMessageInDSCResource" time="0.0424" asserts="0" success="True" result="Success" executed="True" />
                  <test-case description="passes the PSScriptAnalyzer Rule PSDSCUseIdenticalMandatoryParametersForDSC" name="Testing all Script against default PSScriptAnalyzer rule-set.Testing Script 'C:\code\CredentialStore\modules\CredentialStore\src\Get-CsCredential.ps1'.passes the PSScriptAnalyzer Rule PSDSCUseIdenticalMandatoryParametersForDSC" time="0.0394" asserts="0" success="True" result="Success" executed="True" />
                  <test-case description="passes the PSScriptAnalyzer Rule PSDSCUseIdenticalParametersForDSC" name="Testing all Script against default PSScriptAnalyzer rule-set.Testing Script 'C:\code\CredentialStore\modules\CredentialStore\src\Get-CsCredential.ps1'.passes the PSScriptAnalyzer Rule PSDSCUseIdenticalParametersForDSC" time="0.0511" asserts="0" success="True" result="Success" executed="True" />
                  <test-case description="passes the PSScriptAnalyzer Rule PSDSCStandardDSCFunctionsInResource" name="Testing all Script against default PSScriptAnalyzer rule-set.Testing Script 'C:\code\CredentialStore\modules\CredentialStore\src\Get-CsCredential.ps1'.passes the PSScriptAnalyzer Rule PSDSCStandardDSCFunctionsInResource" time="0.0397" asserts="0" success="True" result="Success" executed="True" />
                  <test-case description="passes the PSScriptAnalyzer Rule PSDSCReturnCorrectTypesForDSCFunctions" name="Testing all Script against default PSScriptAnalyzer rule-set.Testing Script 'C:\code\CredentialStore\modules\CredentialStore\src\Get-CsCredential.ps1'.passes the PSScriptAnalyzer Rule PSDSCReturnCorrectTypesForDSCFunctions" time="0.0423" asserts="0" success="True" result="Success" executed="True" />
                </results>
              </test-suite>
              <test-suite type="TestFixture" name="Testing Script 'C:\code\CredentialStore\modules\CredentialStore\src\Get-CsDefaultStore.ps1'" executed="True" result="Success" success="True" time="1.6956" asserts="0" description="Testing Script 'C:\code\CredentialStore\modules\CredentialStore\src\Get-CsDefaultStore.ps1'">
                <results>
                  <test-case description="passes the PSScriptAnalyzer Rule PSAvoidUsingCmdletAliases" name="Testing all Script against default PSScriptAnalyzer rule-set.Testing Script 'C:\code\CredentialStore\modules\CredentialStore\src\Get-CsDefaultStore.ps1'.passes the PSScriptAnalyzer Rule PSAvoidUsingCmdletAliases" time="0.0885" asserts="0" success="True" result="Success" executed="True" />
                  <test-case description="passes the PSScriptAnalyzer Rule PSAvoidDefaultValueSwitchParameter" name="Testing all Script against default PSScriptAnalyzer rule-set.Testing Script 'C:\code\CredentialStore\modules\CredentialStore\src\Get-CsDefaultStore.ps1'.passes the PSScriptAnalyzer Rule PSAvoidDefaultValueSwitchParameter" time="0.031" asserts="0" success="True" result="Success" executed="True" />
                  <test-case description="passes the PSScriptAnalyzer Rule PSAvoidUsingEmptyCatchBlock" name="Testing all Script against default PSScriptAnalyzer rule-set.Testing Script 'C:\code\CredentialStore\modules\CredentialStore\src\Get-CsDefaultStore.ps1'.passes the PSScriptAnalyzer Rule PSAvoidUsingEmptyCatchBlock" time="0.0369" asserts="0" success="True" result="Success" executed="True" />
                  <test-case description="passes the PSScriptAnalyzer Rule PSAvoidGlobalVars" name="Testing all Script against default PSScriptAnalyzer rule-set.Testing Script 'C:\code\CredentialStore\modules\CredentialStore\src\Get-CsDefaultStore.ps1'.passes the PSScriptAnalyzer Rule PSAvoidGlobalVars" time="0.0461" asserts="0" success="True" result="Success" executed="True" />
                  <test-case description="passes the PSScriptAnalyzer Rule PSAvoidInvokingEmptyMembers" name="Testing all Script against default PSScriptAnalyzer rule-set.Testing Script 'C:\code\CredentialStore\modules\CredentialStore\src\Get-CsDefaultStore.ps1'.passes the PSScriptAnalyzer Rule PSAvoidInvokingEmptyMembers" time="0.0576" asserts="0" success="True" result="Success" executed="True" />
                  <test-case description="passes the PSScriptAnalyzer Rule PSAvoidNullOrEmptyHelpMessageAttribute" name="Testing all Script against default PSScriptAnalyzer rule-set.Testing Script 'C:\code\CredentialStore\modules\CredentialStore\src\Get-CsDefaultStore.ps1'.passes the PSScriptAnalyzer Rule PSAvoidNullOrEmptyHelpMessageAttribute" time="0.0472" asserts="0" success="True" result="Success" executed="True" />
                  <test-case description="passes the PSScriptAnalyzer Rule PSAvoidUsingPositionalParameters" name="Testing all Script against default PSScriptAnalyzer rule-set.Testing Script 'C:\code\CredentialStore\modules\CredentialStore\src\Get-CsDefaultStore.ps1'.passes the PSScriptAnalyzer Rule PSAvoidUsingPositionalParameters" time="0.0351" asserts="0" success="True" result="Success" executed="True" />
                  <test-case description="passes the PSScriptAnalyzer Rule PSReservedCmdletChar" name="Testing all Script against default PSScriptAnalyzer rule-set.Testing Script 'C:\code\CredentialStore\modules\CredentialStore\src\Get-CsDefaultStore.ps1'.passes the PSScriptAnalyzer Rule PSReservedCmdletChar" time="0.034" asserts="0" success="True" result="Success" executed="True" />
                  <test-case description="passes the PSScriptAnalyzer Rule PSReservedParams" name="Testing all Script against default PSScriptAnalyzer rule-set.Testing Script 'C:\code\CredentialStore\modules\CredentialStore\src\Get-CsDefaultStore.ps1'.passes the PSScriptAnalyzer Rule PSReservedParams" time="0.0337" asserts="0" success="True" result="Success" executed="True" />
                  <test-case description="passes the PSScriptAnalyzer Rule PSAvoidShouldContinueWithoutForce" name="Testing all Script against default PSScriptAnalyzer rule-set.Testing Script 'C:\code\CredentialStore\modules\CredentialStore\src\Get-CsDefaultStore.ps1'.passes the PSScriptAnalyzer Rule PSAvoidShouldContinueWithoutForce" time="0.0365" asserts="0" success="True" result="Success" executed="True" />
                  <test-case description="passes the PSScriptAnalyzer Rule PSAvoidUsingDeprecatedManifestFields" name="Testing all Script against default PSScriptAnalyzer rule-set.Testing Script 'C:\code\CredentialStore\modules\CredentialStore\src\Get-CsDefaultStore.ps1'.passes the PSScriptAnalyzer Rule PSAvoidUsingDeprecatedManifestFields" time="0.0464" asserts="0" success="True" result="Success" executed="True" />
                  <test-case description="passes the PSScriptAnalyzer Rule PSAvoidDefaultValueForMandatoryParameter" name="Testing all Script against default PSScriptAnalyzer rule-set.Testing Script 'C:\code\CredentialStore\modules\CredentialStore\src\Get-CsDefaultStore.ps1'.passes the PSScriptAnalyzer Rule PSAvoidDefaultValueForMandatoryParameter" time="0.0481" asserts="0" success="True" result="Success" executed="True" />
                  <test-case description="passes the PSScriptAnalyzer Rule PSAvoidUsingUserNameAndPassWordParams" name="Testing all Script against default PSScriptAnalyzer rule-set.Testing Script 'C:\code\CredentialStore\modules\CredentialStore\src\Get-CsDefaultStore.ps1'.passes the PSScriptAnalyzer Rule PSAvoidUsingUserNameAndPassWordParams" time="0.0455" asserts="0" success="True" result="Success" executed="True" />
                  <test-case description="passes the PSScriptAnalyzer Rule PSAvoidUsingComputerNameHardcoded" name="Testing all Script against default PSScriptAnalyzer rule-set.Testing Script 'C:\code\CredentialStore\modules\CredentialStore\src\Get-CsDefaultStore.ps1'.passes the PSScriptAnalyzer Rule PSAvoidUsingComputerNameHardcoded" time="0.0472" asserts="0" success="True" result="Success" executed="True" />
                  <test-case description="passes the PSScriptAnalyzer Rule PSAvoidUsingConvertToSecureStringWithPlainText" name="Testing all Script against default PSScriptAnalyzer rule-set.Testing Script 'C:\code\CredentialStore\modules\CredentialStore\src\Get-CsDefaultStore.ps1'.passes the PSScriptAnalyzer Rule PSAvoidUsingConvertToSecureStringWithPlainText" time="0.0442" asserts="0" success="True" result="Success" executed="True" />
                  <test-case description="passes the PSScriptAnalyzer Rule PSAvoidUsingInvokeExpression" name="Testing all Script against default PSScriptAnalyzer rule-set.Testing Script 'C:\code\CredentialStore\modules\CredentialStore\src\Get-CsDefaultStore.ps1'.passes the PSScriptAnalyzer Rule PSAvoidUsingInvokeExpression" time="0.0344" asserts="0" success="True" result="Success" executed="True" />
                  <test-case description="passes the PSScriptAnalyzer Rule PSAvoidUsingPlainTextForPassword" name="Testing all Script against default PSScriptAnalyzer rule-set.Testing Script 'C:\code\CredentialStore\modules\CredentialStore\src\Get-CsDefaultStore.ps1'.passes the PSScriptAnalyzer Rule PSAvoidUsingPlainTextForPassword" time="0.0421" asserts="0" success="True" result="Success" executed="True" />
                  <test-case description="passes the PSScriptAnalyzer Rule PSAvoidUsingWMICmdlet" name="Testing all Script against default PSScriptAnalyzer rule-set.Testing Script 'C:\code\CredentialStore\modules\CredentialStore\src\Get-CsDefaultStore.ps1'.passes the PSScriptAnalyzer Rule PSAvoidUsingWMICmdlet" time="0.0348" asserts="0" success="True" result="Success" executed="True" />
                  <test-case description="passes the PSScriptAnalyzer Rule PSAvoidUsingWriteHost" name="Testing all Script against default PSScriptAnalyzer rule-set.Testing Script 'C:\code\CredentialStore\modules\CredentialStore\src\Get-CsDefaultStore.ps1'.passes the PSScriptAnalyzer Rule PSAvoidUsingWriteHost" time="0.0289" asserts="0" success="True" result="Success" executed="True" />
                  <test-case description="passes the PSScriptAnalyzer Rule PSMisleadingBacktick" name="Testing all Script against default PSScriptAnalyzer rule-set.Testing Script 'C:\code\CredentialStore\modules\CredentialStore\src\Get-CsDefaultStore.ps1'.passes the PSScriptAnalyzer Rule PSMisleadingBacktick" time="0.0528" asserts="0" success="True" result="Success" executed="True" />
                  <test-case description="passes the PSScriptAnalyzer Rule PSUseBOMForUnicodeEncodedFile" name="Testing all Script against default PSScriptAnalyzer rule-set.Testing Script 'C:\code\CredentialStore\modules\CredentialStore\src\Get-CsDefaultStore.ps1'.passes the PSScriptAnalyzer Rule PSUseBOMForUnicodeEncodedFile" time="0.0382" asserts="0" success="True" result="Success" executed="True" />
                  <test-case description="passes the PSScriptAnalyzer Rule PSUseToExportFieldsInManifest" name="Testing all Script against default PSScriptAnalyzer rule-set.Testing Script 'C:\code\CredentialStore\modules\CredentialStore\src\Get-CsDefaultStore.ps1'.passes the PSScriptAnalyzer Rule PSUseToExportFieldsInManifest" time="0.0532" asserts="0" success="True" result="Success" executed="True" />
                  <test-case description="passes the PSScriptAnalyzer Rule PSUseOutputTypeCorrectly" name="Testing all Script against default PSScriptAnalyzer rule-set.Testing Script 'C:\code\CredentialStore\modules\CredentialStore\src\Get-CsDefaultStore.ps1'.passes the PSScriptAnalyzer Rule PSUseOutputTypeCorrectly" time="0.0451" asserts="0" success="True" result="Success" executed="True" />
                  <test-case description="passes the PSScriptAnalyzer Rule PSMissingModuleManifestField" name="Testing all Script against default PSScriptAnalyzer rule-set.Testing Script 'C:\code\CredentialStore\modules\CredentialStore\src\Get-CsDefaultStore.ps1'.passes the PSScriptAnalyzer Rule PSMissingModuleManifestField" time="0.0328" asserts="0" success="True" result="Success" executed="True" />
                  <test-case description="passes the PSScriptAnalyzer Rule PSPossibleIncorrectComparisonWithNull" name="Testing all Script against default PSScriptAnalyzer rule-set.Testing Script 'C:\code\CredentialStore\modules\CredentialStore\src\Get-CsDefaultStore.ps1'.passes the PSScriptAnalyzer Rule PSPossibleIncorrectComparisonWithNull" time="0.033" asserts="0" success="True" result="Success" executed="True" />
                  <test-case description="passes the PSScriptAnalyzer Rule PSProvideCommentHelp" name="Testing all Script against default PSScriptAnalyzer rule-set.Testing Script 'C:\code\CredentialStore\modules\CredentialStore\src\Get-CsDefaultStore.ps1'.passes the PSScriptAnalyzer Rule PSProvideCommentHelp" time="0.0442" asserts="0" success="True" result="Success" executed="True" />
                  <test-case description="passes the PSScriptAnalyzer Rule PSUseApprovedVerbs" name="Testing all Script against default PSScriptAnalyzer rule-set.Testing Script 'C:\code\CredentialStore\modules\CredentialStore\src\Get-CsDefaultStore.ps1'.passes the PSScriptAnalyzer Rule PSUseApprovedVerbs" time="0.0375" asserts="0" success="True" result="Success" executed="True" />
                  <test-case description="passes the PSScriptAnalyzer Rule PSUseCmdletCorrectly" name="Testing all Script against default PSScriptAnalyzer rule-set.Testing Script 'C:\code\CredentialStore\modules\CredentialStore\src\Get-CsDefaultStore.ps1'.passes the PSScriptAnalyzer Rule PSUseCmdletCorrectly" time="0.0474" asserts="0" success="True" result="Success" executed="True" />
                  <test-case description="passes the PSScriptAnalyzer Rule PSUseDeclaredVarsMoreThanAssignments" name="Testing all Script against default PSScriptAnalyzer rule-set.Testing Script 'C:\code\CredentialStore\modules\CredentialStore\src\Get-CsDefaultStore.ps1'.passes the PSScriptAnalyzer Rule PSUseDeclaredVarsMoreThanAssignments" time="0.0336" asserts="0" success="True" result="Success" executed="True" />
                  <test-case description="passes the PSScriptAnalyzer Rule PSUsePSCredentialType" name="Testing all Script against default PSScriptAnalyzer rule-set.Testing Script 'C:\code\CredentialStore\modules\CredentialStore\src\Get-CsDefaultStore.ps1'.passes the PSScriptAnalyzer Rule PSUsePSCredentialType" time="0.0471" asserts="0" success="True" result="Success" executed="True" />
                  <test-case description="passes the PSScriptAnalyzer Rule PSShouldProcess" name="Testing all Script against default PSScriptAnalyzer rule-set.Testing Script 'C:\code\CredentialStore\modules\CredentialStore\src\Get-CsDefaultStore.ps1'.passes the PSScriptAnalyzer Rule PSShouldProcess" time="0.0391" asserts="0" success="True" result="Success" executed="True" />
                  <test-case description="passes the PSScriptAnalyzer Rule PSUseShouldProcessForStateChangingFunctions" name="Testing all Script against default PSScriptAnalyzer rule-set.Testing Script 'C:\code\CredentialStore\modules\CredentialStore\src\Get-CsDefaultStore.ps1'.passes the PSScriptAnalyzer Rule PSUseShouldProcessForStateChangingFunctions" time="0.0409" asserts="0" success="True" result="Success" executed="True" />
                  <test-case description="passes the PSScriptAnalyzer Rule PSUseSingularNouns" name="Testing all Script against default PSScriptAnalyzer rule-set.Testing Script 'C:\code\CredentialStore\modules\CredentialStore\src\Get-CsDefaultStore.ps1'.passes the PSScriptAnalyzer Rule PSUseSingularNouns" time="0.0411" asserts="0" success="True" result="Success" executed="True" />
                  <test-case description="passes the PSScriptAnalyzer Rule PSUseUTF8EncodingForHelpFile" name="Testing all Script against default PSScriptAnalyzer rule-set.Testing Script 'C:\code\CredentialStore\modules\CredentialStore\src\Get-CsDefaultStore.ps1'.passes the PSScriptAnalyzer Rule PSUseUTF8EncodingForHelpFile" time="0.037" asserts="0" success="True" result="Success" executed="True" />
                  <test-case description="passes the PSScriptAnalyzer Rule PSDSCDscTestsPresent" name="Testing all Script against default PSScriptAnalyzer rule-set.Testing Script 'C:\code\CredentialStore\modules\CredentialStore\src\Get-CsDefaultStore.ps1'.passes the PSScriptAnalyzer Rule PSDSCDscTestsPresent" time="0.0344" asserts="0" success="True" result="Success" executed="True" />
                  <test-case description="passes the PSScriptAnalyzer Rule PSDSCDscExamplesPresent" name="Testing all Script against default PSScriptAnalyzer rule-set.Testing Script 'C:\code\CredentialStore\modules\CredentialStore\src\Get-CsDefaultStore.ps1'.passes the PSScriptAnalyzer Rule PSDSCDscExamplesPresent" time="0.0438" asserts="0" success="True" result="Success" executed="True" />
                  <test-case description="passes the PSScriptAnalyzer Rule PSDSCUseVerboseMessageInDSCResource" name="Testing all Script against default PSScriptAnalyzer rule-set.Testing Script 'C:\code\CredentialStore\modules\CredentialStore\src\Get-CsDefaultStore.ps1'.passes the PSScriptAnalyzer Rule PSDSCUseVerboseMessageInDSCResource" time="0.0363" asserts="0" success="True" result="Success" executed="True" />
                  <test-case description="passes the PSScriptAnalyzer Rule PSDSCUseIdenticalMandatoryParametersForDSC" name="Testing all Script against default PSScriptAnalyzer rule-set.Testing Script 'C:\code\CredentialStore\modules\CredentialStore\src\Get-CsDefaultStore.ps1'.passes the PSScriptAnalyzer Rule PSDSCUseIdenticalMandatoryParametersForDSC" time="0.0317" asserts="0" success="True" result="Success" executed="True" />
                  <test-case description="passes the PSScriptAnalyzer Rule PSDSCUseIdenticalParametersForDSC" name="Testing all Script against default PSScriptAnalyzer rule-set.Testing Script 'C:\code\CredentialStore\modules\CredentialStore\src\Get-CsDefaultStore.ps1'.passes the PSScriptAnalyzer Rule PSDSCUseIdenticalParametersForDSC" time="0.0387" asserts="0" success="True" result="Success" executed="True" />
                  <test-case description="passes the PSScriptAnalyzer Rule PSDSCStandardDSCFunctionsInResource" name="Testing all Script against default PSScriptAnalyzer rule-set.Testing Script 'C:\code\CredentialStore\modules\CredentialStore\src\Get-CsDefaultStore.ps1'.passes the PSScriptAnalyzer Rule PSDSCStandardDSCFunctionsInResource" time="0.0411" asserts="0" success="True" result="Success" executed="True" />
                  <test-case description="passes the PSScriptAnalyzer Rule PSDSCReturnCorrectTypesForDSCFunctions" name="Testing all Script against default PSScriptAnalyzer rule-set.Testing Script 'C:\code\CredentialStore\modules\CredentialStore\src\Get-CsDefaultStore.ps1'.passes the PSScriptAnalyzer Rule PSDSCReturnCorrectTypesForDSCFunctions" time="0.0281" asserts="0" success="True" result="Success" executed="True" />
                </results>
              </test-suite>
              <test-suite type="TestFixture" name="Testing Script 'C:\code\CredentialStore\modules\CredentialStore\src\Get-CsEntry.ps1'" executed="True" result="Success" success="True" time="3.014" asserts="0" description="Testing Script 'C:\code\CredentialStore\modules\CredentialStore\src\Get-CsEntry.ps1'">
                <results>
                  <test-case description="passes the PSScriptAnalyzer Rule PSAvoidUsingCmdletAliases" name="Testing all Script against default PSScriptAnalyzer rule-set.Testing Script 'C:\code\CredentialStore\modules\CredentialStore\src\Get-CsEntry.ps1'.passes the PSScriptAnalyzer Rule PSAvoidUsingCmdletAliases" time="0.0881" asserts="0" success="True" result="Success" executed="True" />
                  <test-case description="passes the PSScriptAnalyzer Rule PSAvoidDefaultValueSwitchParameter" name="Testing all Script against default PSScriptAnalyzer rule-set.Testing Script 'C:\code\CredentialStore\modules\CredentialStore\src\Get-CsEntry.ps1'.passes the PSScriptAnalyzer Rule PSAvoidDefaultValueSwitchParameter" time="0.0474" asserts="0" success="True" result="Success" executed="True" />
                  <test-case description="passes the PSScriptAnalyzer Rule PSAvoidUsingEmptyCatchBlock" name="Testing all Script against default PSScriptAnalyzer rule-set.Testing Script 'C:\code\CredentialStore\modules\CredentialStore\src\Get-CsEntry.ps1'.passes the PSScriptAnalyzer Rule PSAvoidUsingEmptyCatchBlock" time="0.0368" asserts="0" success="True" result="Success" executed="True" />
                  <test-case description="passes the PSScriptAnalyzer Rule PSAvoidGlobalVars" name="Testing all Script against default PSScriptAnalyzer rule-set.Testing Script 'C:\code\CredentialStore\modules\CredentialStore\src\Get-CsEntry.ps1'.passes the PSScriptAnalyzer Rule PSAvoidGlobalVars" time="0.0417" asserts="0" success="True" result="Success" executed="True" />
                  <test-case description="passes the PSScriptAnalyzer Rule PSAvoidInvokingEmptyMembers" name="Testing all Script against default PSScriptAnalyzer rule-set.Testing Script 'C:\code\CredentialStore\modules\CredentialStore\src\Get-CsEntry.ps1'.passes the PSScriptAnalyzer Rule PSAvoidInvokingEmptyMembers" time="0.0497" asserts="0" success="True" result="Success" executed="True" />
                  <test-case description="passes the PSScriptAnalyzer Rule PSAvoidNullOrEmptyHelpMessageAttribute" name="Testing all Script against default PSScriptAnalyzer rule-set.Testing Script 'C:\code\CredentialStore\modules\CredentialStore\src\Get-CsEntry.ps1'.passes the PSScriptAnalyzer Rule PSAvoidNullOrEmptyHelpMessageAttribute" time="0.0367" asserts="0" success="True" result="Success" executed="True" />
                  <test-case description="passes the PSScriptAnalyzer Rule PSAvoidUsingPositionalParameters" name="Testing all Script against default PSScriptAnalyzer rule-set.Testing Script 'C:\code\CredentialStore\modules\CredentialStore\src\Get-CsEntry.ps1'.passes the PSScriptAnalyzer Rule PSAvoidUsingPositionalParameters" time="0.7099" asserts="0" success="True" result="Success" executed="True" />
                  <test-case description="passes the PSScriptAnalyzer Rule PSReservedCmdletChar" name="Testing all Script against default PSScriptAnalyzer rule-set.Testing Script 'C:\code\CredentialStore\modules\CredentialStore\src\Get-CsEntry.ps1'.passes the PSScriptAnalyzer Rule PSReservedCmdletChar" time="0.0471" asserts="0" success="True" result="Success" executed="True" />
                  <test-case description="passes the PSScriptAnalyzer Rule PSReservedParams" name="Testing all Script against default PSScriptAnalyzer rule-set.Testing Script 'C:\code\CredentialStore\modules\CredentialStore\src\Get-CsEntry.ps1'.passes the PSScriptAnalyzer Rule PSReservedParams" time="0.0405" asserts="0" success="True" result="Success" executed="True" />
                  <test-case description="passes the PSScriptAnalyzer Rule PSAvoidShouldContinueWithoutForce" name="Testing all Script against default PSScriptAnalyzer rule-set.Testing Script 'C:\code\CredentialStore\modules\CredentialStore\src\Get-CsEntry.ps1'.passes the PSScriptAnalyzer Rule PSAvoidShouldContinueWithoutForce" time="0.0442" asserts="0" success="True" result="Success" executed="True" />
                  <test-case description="passes the PSScriptAnalyzer Rule PSAvoidUsingDeprecatedManifestFields" name="Testing all Script against default PSScriptAnalyzer rule-set.Testing Script 'C:\code\CredentialStore\modules\CredentialStore\src\Get-CsEntry.ps1'.passes the PSScriptAnalyzer Rule PSAvoidUsingDeprecatedManifestFields" time="0.0531" asserts="0" success="True" result="Success" executed="True" />
                  <test-case description="passes the PSScriptAnalyzer Rule PSAvoidDefaultValueForMandatoryParameter" name="Testing all Script against default PSScriptAnalyzer rule-set.Testing Script 'C:\code\CredentialStore\modules\CredentialStore\src\Get-CsEntry.ps1'.passes the PSScriptAnalyzer Rule PSAvoidDefaultValueForMandatoryParameter" time="0.0374" asserts="0" success="True" result="Success" executed="True" />
                  <test-case description="passes the PSScriptAnalyzer Rule PSAvoidUsingUserNameAndPassWordParams" name="Testing all Script against default PSScriptAnalyzer rule-set.Testing Script 'C:\code\CredentialStore\modules\CredentialStore\src\Get-CsEntry.ps1'.passes the PSScriptAnalyzer Rule PSAvoidUsingUserNameAndPassWordParams" time="0.0399" asserts="0" success="True" result="Success" executed="True" />
                  <test-case description="passes the PSScriptAnalyzer Rule PSAvoidUsingComputerNameHardcoded" name="Testing all Script against default PSScriptAnalyzer rule-set.Testing Script 'C:\code\CredentialStore\modules\CredentialStore\src\Get-CsEntry.ps1'.passes the PSScriptAnalyzer Rule PSAvoidUsingComputerNameHardcoded" time="0.0507" asserts="0" success="True" result="Success" executed="True" />
                  <test-case description="passes the PSScriptAnalyzer Rule PSAvoidUsingConvertToSecureStringWithPlainText" name="Testing all Script against default PSScriptAnalyzer rule-set.Testing Script 'C:\code\CredentialStore\modules\CredentialStore\src\Get-CsEntry.ps1'.passes the PSScriptAnalyzer Rule PSAvoidUsingConvertToSecureStringWithPlainText" time="0.0417" asserts="0" success="True" result="Success" executed="True" />
                  <test-case description="passes the PSScriptAnalyzer Rule PSAvoidUsingInvokeExpression" name="Testing all Script against default PSScriptAnalyzer rule-set.Testing Script 'C:\code\CredentialStore\modules\CredentialStore\src\Get-CsEntry.ps1'.passes the PSScriptAnalyzer Rule PSAvoidUsingInvokeExpression" time="0.0407" asserts="0" success="True" result="Success" executed="True" />
                  <test-case description="passes the PSScriptAnalyzer Rule PSAvoidUsingPlainTextForPassword" name="Testing all Script against default PSScriptAnalyzer rule-set.Testing Script 'C:\code\CredentialStore\modules\CredentialStore\src\Get-CsEntry.ps1'.passes the PSScriptAnalyzer Rule PSAvoidUsingPlainTextForPassword" time="0.0328" asserts="0" success="True" result="Success" executed="True" />
                  <test-case description="passes the PSScriptAnalyzer Rule PSAvoidUsingWMICmdlet" name="Testing all Script against default PSScriptAnalyzer rule-set.Testing Script 'C:\code\CredentialStore\modules\CredentialStore\src\Get-CsEntry.ps1'.passes the PSScriptAnalyzer Rule PSAvoidUsingWMICmdlet" time="0.0378" asserts="0" success="True" result="Success" executed="True" />
                  <test-case description="passes the PSScriptAnalyzer Rule PSAvoidUsingWriteHost" name="Testing all Script against default PSScriptAnalyzer rule-set.Testing Script 'C:\code\CredentialStore\modules\CredentialStore\src\Get-CsEntry.ps1'.passes the PSScriptAnalyzer Rule PSAvoidUsingWriteHost" time="0.0285" asserts="0" success="True" result="Success" executed="True" />
                  <test-case description="passes the PSScriptAnalyzer Rule PSMisleadingBacktick" name="Testing all Script against default PSScriptAnalyzer rule-set.Testing Script 'C:\code\CredentialStore\modules\CredentialStore\src\Get-CsEntry.ps1'.passes the PSScriptAnalyzer Rule PSMisleadingBacktick" time="0.061" asserts="0" success="True" result="Success" executed="True" />
                  <test-case description="passes the PSScriptAnalyzer Rule PSUseBOMForUnicodeEncodedFile" name="Testing all Script against default PSScriptAnalyzer rule-set.Testing Script 'C:\code\CredentialStore\modules\CredentialStore\src\Get-CsEntry.ps1'.passes the PSScriptAnalyzer Rule PSUseBOMForUnicodeEncodedFile" time="0.0506" asserts="0" success="True" result="Success" executed="True" />
                  <test-case description="passes the PSScriptAnalyzer Rule PSUseToExportFieldsInManifest" name="Testing all Script against default PSScriptAnalyzer rule-set.Testing Script 'C:\code\CredentialStore\modules\CredentialStore\src\Get-CsEntry.ps1'.passes the PSScriptAnalyzer Rule PSUseToExportFieldsInManifest" time="0.0355" asserts="0" success="True" result="Success" executed="True" />
                  <test-case description="passes the PSScriptAnalyzer Rule PSUseOutputTypeCorrectly" name="Testing all Script against default PSScriptAnalyzer rule-set.Testing Script 'C:\code\CredentialStore\modules\CredentialStore\src\Get-CsEntry.ps1'.passes the PSScriptAnalyzer Rule PSUseOutputTypeCorrectly" time="0.0353" asserts="0" success="True" result="Success" executed="True" />
                  <test-case description="passes the PSScriptAnalyzer Rule PSMissingModuleManifestField" name="Testing all Script against default PSScriptAnalyzer rule-set.Testing Script 'C:\code\CredentialStore\modules\CredentialStore\src\Get-CsEntry.ps1'.passes the PSScriptAnalyzer Rule PSMissingModuleManifestField" time="0.0379" asserts="0" success="True" result="Success" executed="True" />
                  <test-case description="passes the PSScriptAnalyzer Rule PSPossibleIncorrectComparisonWithNull" name="Testing all Script against default PSScriptAnalyzer rule-set.Testing Script 'C:\code\CredentialStore\modules\CredentialStore\src\Get-CsEntry.ps1'.passes the PSScriptAnalyzer Rule PSPossibleIncorrectComparisonWithNull" time="0.0381" asserts="0" success="True" result="Success" executed="True" />
                  <test-case description="passes the PSScriptAnalyzer Rule PSProvideCommentHelp" name="Testing all Script against default PSScriptAnalyzer rule-set.Testing Script 'C:\code\CredentialStore\modules\CredentialStore\src\Get-CsEntry.ps1'.passes the PSScriptAnalyzer Rule PSProvideCommentHelp" time="0.0356" asserts="0" success="True" result="Success" executed="True" />
                  <test-case description="passes the PSScriptAnalyzer Rule PSUseApprovedVerbs" name="Testing all Script against default PSScriptAnalyzer rule-set.Testing Script 'C:\code\CredentialStore\modules\CredentialStore\src\Get-CsEntry.ps1'.passes the PSScriptAnalyzer Rule PSUseApprovedVerbs" time="0.0395" asserts="0" success="True" result="Success" executed="True" />
                  <test-case description="passes the PSScriptAnalyzer Rule PSUseCmdletCorrectly" name="Testing all Script against default PSScriptAnalyzer rule-set.Testing Script 'C:\code\CredentialStore\modules\CredentialStore\src\Get-CsEntry.ps1'.passes the PSScriptAnalyzer Rule PSUseCmdletCorrectly" time="0.6512" asserts="0" success="True" result="Success" executed="True" />
                  <test-case description="passes the PSScriptAnalyzer Rule PSUseDeclaredVarsMoreThanAssignments" name="Testing all Script against default PSScriptAnalyzer rule-set.Testing Script 'C:\code\CredentialStore\modules\CredentialStore\src\Get-CsEntry.ps1'.passes the PSScriptAnalyzer Rule PSUseDeclaredVarsMoreThanAssignments" time="0.0426" asserts="0" success="True" result="Success" executed="True" />
                  <test-case description="passes the PSScriptAnalyzer Rule PSUsePSCredentialType" name="Testing all Script against default PSScriptAnalyzer rule-set.Testing Script 'C:\code\CredentialStore\modules\CredentialStore\src\Get-CsEntry.ps1'.passes the PSScriptAnalyzer Rule PSUsePSCredentialType" time="0.0482" asserts="0" success="True" result="Success" executed="True" />
                  <test-case description="passes the PSScriptAnalyzer Rule PSShouldProcess" name="Testing all Script against default PSScriptAnalyzer rule-set.Testing Script 'C:\code\CredentialStore\modules\CredentialStore\src\Get-CsEntry.ps1'.passes the PSScriptAnalyzer Rule PSShouldProcess" time="0.0431" asserts="0" success="True" result="Success" executed="True" />
                  <test-case description="passes the PSScriptAnalyzer Rule PSUseShouldProcessForStateChangingFunctions" name="Testing all Script against default PSScriptAnalyzer rule-set.Testing Script 'C:\code\CredentialStore\modules\CredentialStore\src\Get-CsEntry.ps1'.passes the PSScriptAnalyzer Rule PSUseShouldProcessForStateChangingFunctions" time="0.0347" asserts="0" success="True" result="Success" executed="True" />
                  <test-case description="passes the PSScriptAnalyzer Rule PSUseSingularNouns" name="Testing all Script against default PSScriptAnalyzer rule-set.Testing Script 'C:\code\CredentialStore\modules\CredentialStore\src\Get-CsEntry.ps1'.passes the PSScriptAnalyzer Rule PSUseSingularNouns" time="0.0363" asserts="0" success="True" result="Success" executed="True" />
                  <test-case description="passes the PSScriptAnalyzer Rule PSUseUTF8EncodingForHelpFile" name="Testing all Script against default PSScriptAnalyzer rule-set.Testing Script 'C:\code\CredentialStore\modules\CredentialStore\src\Get-CsEntry.ps1'.passes the PSScriptAnalyzer Rule PSUseUTF8EncodingForHelpFile" time="0.0415" asserts="0" success="True" result="Success" executed="True" />
                  <test-case description="passes the PSScriptAnalyzer Rule PSDSCDscTestsPresent" name="Testing all Script against default PSScriptAnalyzer rule-set.Testing Script 'C:\code\CredentialStore\modules\CredentialStore\src\Get-CsEntry.ps1'.passes the PSScriptAnalyzer Rule PSDSCDscTestsPresent" time="0.0447" asserts="0" success="True" result="Success" executed="True" />
                  <test-case description="passes the PSScriptAnalyzer Rule PSDSCDscExamplesPresent" name="Testing all Script against default PSScriptAnalyzer rule-set.Testing Script 'C:\code\CredentialStore\modules\CredentialStore\src\Get-CsEntry.ps1'.passes the PSScriptAnalyzer Rule PSDSCDscExamplesPresent" time="0.0458" asserts="0" success="True" result="Success" executed="True" />
                  <test-case description="passes the PSScriptAnalyzer Rule PSDSCUseVerboseMessageInDSCResource" name="Testing all Script against default PSScriptAnalyzer rule-set.Testing Script 'C:\code\CredentialStore\modules\CredentialStore\src\Get-CsEntry.ps1'.passes the PSScriptAnalyzer Rule PSDSCUseVerboseMessageInDSCResource" time="0.0362" asserts="0" success="True" result="Success" executed="True" />
                  <test-case description="passes the PSScriptAnalyzer Rule PSDSCUseIdenticalMandatoryParametersForDSC" name="Testing all Script against default PSScriptAnalyzer rule-set.Testing Script 'C:\code\CredentialStore\modules\CredentialStore\src\Get-CsEntry.ps1'.passes the PSScriptAnalyzer Rule PSDSCUseIdenticalMandatoryParametersForDSC" time="0.0429" asserts="0" success="True" result="Success" executed="True" />
                  <test-case description="passes the PSScriptAnalyzer Rule PSDSCUseIdenticalParametersForDSC" name="Testing all Script against default PSScriptAnalyzer rule-set.Testing Script 'C:\code\CredentialStore\modules\CredentialStore\src\Get-CsEntry.ps1'.passes the PSScriptAnalyzer Rule PSDSCUseIdenticalParametersForDSC" time="0.0299" asserts="0" success="True" result="Success" executed="True" />
[...]
                <results>
                  <test-case description="passes the PSScriptAnalyzer Rule PSAvoidUsingCmdletAliases" name="Testing all Script against default PSScriptAnalyzer rule-set.Testing Script 'C:\code\CredentialStore\modules\CredentialStore.AzureKeyVault\src\Set-CsKeyVaultEntry.ps1'.passes the PSScriptAnalyzer Rule PSAvoidUsingCmdletAliases" time="0.1112" asserts="0" success="True" result="Success" executed="True" />
                  <test-case description="passes the PSScriptAnalyzer Rule PSAvoidDefaultValueSwitchParameter" name="Testing all Script against default PSScriptAnalyzer rule-set.Testing Script 'C:\code\CredentialStore\modules\CredentialStore.AzureKeyVault\src\Set-CsKeyVaultEntry.ps1'.passes the PSScriptAnalyzer Rule PSAvoidDefaultValueSwitchParameter" time="0.0373" asserts="0" success="True" result="Success" executed="True" />
                  <test-case description="passes the PSScriptAnalyzer Rule PSAvoidUsingEmptyCatchBlock" name="Testing all Script against default PSScriptAnalyzer rule-set.Testing Script 'C:\code\CredentialStore\modules\CredentialStore.AzureKeyVault\src\Set-CsKeyVaultEntry.ps1'.passes the PSScriptAnalyzer Rule PSAvoidUsingEmptyCatchBlock" time="0.0311" asserts="0" success="True" result="Success" executed="True" />
                  <test-case description="passes the PSScriptAnalyzer Rule PSAvoidGlobalVars" name="Testing all Script against default PSScriptAnalyzer rule-set.Testing Script 'C:\code\CredentialStore\modules\CredentialStore.AzureKeyVault\src\Set-CsKeyVaultEntry.ps1'.passes the PSScriptAnalyzer Rule PSAvoidGlobalVars" time="0.0417" asserts="0" success="True" result="Success" executed="True" />
                  <test-case description="passes the PSScriptAnalyzer Rule PSAvoidInvokingEmptyMembers" name="Testing all Script against default PSScriptAnalyzer rule-set.Testing Script 'C:\code\CredentialStore\modules\CredentialStore.AzureKeyVault\src\Set-CsKeyVaultEntry.ps1'.passes the PSScriptAnalyzer Rule PSAvoidInvokingEmptyMembers" time="0.0305" asserts="0" success="True" result="Success" executed="True" />
                  <test-case description="passes the PSScriptAnalyzer Rule PSAvoidNullOrEmptyHelpMessageAttribute" name="Testing all Script against default PSScriptAnalyzer rule-set.Testing Script 'C:\code\CredentialStore\modules\CredentialStore.AzureKeyVault\src\Set-CsKeyVaultEntry.ps1'.passes the PSScriptAnalyzer Rule PSAvoidNullOrEmptyHelpMessageAttribute" time="0.0369" asserts="0" success="True" result="Success" executed="True" />
                  <test-case description="passes the PSScriptAnalyzer Rule PSAvoidUsingPositionalParameters" name="Testing all Script against default PSScriptAnalyzer rule-set.Testing Script 'C:\code\CredentialStore\modules\CredentialStore.AzureKeyVault\src\Set-CsKeyVaultEntry.ps1'.passes the PSScriptAnalyzer Rule PSAvoidUsingPositionalParameters" time="0.1084" asserts="0" success="True" result="Success" executed="True" />
                  <test-case description="passes the PSScriptAnalyzer Rule PSReservedCmdletChar" name="Testing all Script against default PSScriptAnalyzer rule-set.Testing Script 'C:\code\CredentialStore\modules\CredentialStore.AzureKeyVault\src\Set-CsKeyVaultEntry.ps1'.passes the PSScriptAnalyzer Rule PSReservedCmdletChar" time="0.0592" asserts="0" success="True" result="Success" executed="True" />
                  <test-case description="passes the PSScriptAnalyzer Rule PSReservedParams" name="Testing all Script against default PSScriptAnalyzer rule-set.Testing Script 'C:\code\CredentialStore\modules\CredentialStore.AzureKeyVault\src\Set-CsKeyVaultEntry.ps1'.passes the PSScriptAnalyzer Rule PSReservedParams" time="0.0453" asserts="0" success="True" result="Success" executed="True" />
                  <test-case description="passes the PSScriptAnalyzer Rule PSAvoidShouldContinueWithoutForce" name="Testing all Script against default PSScriptAnalyzer rule-set.Testing Script 'C:\code\CredentialStore\modules\CredentialStore.AzureKeyVault\src\Set-CsKeyVaultEntry.ps1'.passes the PSScriptAnalyzer Rule PSAvoidShouldContinueWithoutForce" time="0.0373" asserts="0" success="True" result="Success" executed="True" />
                  <test-case description="passes the PSScriptAnalyzer Rule PSAvoidUsingDeprecatedManifestFields" name="Testing all Script against default PSScriptAnalyzer rule-set.Testing Script 'C:\code\CredentialStore\modules\CredentialStore.AzureKeyVault\src\Set-CsKeyVaultEntry.ps1'.passes the PSScriptAnalyzer Rule PSAvoidUsingDeprecatedManifestFields" time="0.0491" asserts="0" success="True" result="Success" executed="True" />
                  <test-case description="passes the PSScriptAnalyzer Rule PSAvoidDefaultValueForMandatoryParameter" name="Testing all Script against default PSScriptAnalyzer rule-set.Testing Script 'C:\code\CredentialStore\modules\CredentialStore.AzureKeyVault\src\Set-CsKeyVaultEntry.ps1'.passes the PSScriptAnalyzer Rule PSAvoidDefaultValueForMandatoryParameter" time="0.0441" asserts="0" success="True" result="Success" executed="True" />
                  <test-case description="passes the PSScriptAnalyzer Rule PSAvoidUsingUserNameAndPassWordParams" name="Testing all Script against default PSScriptAnalyzer rule-set.Testing Script 'C:\code\CredentialStore\modules\CredentialStore.AzureKeyVault\src\Set-CsKeyVaultEntry.ps1'.passes the PSScriptAnalyzer Rule PSAvoidUsingUserNameAndPassWordParams" time="0.0375" asserts="0" success="True" result="Success" executed="True" />
                  <test-case description="passes the PSScriptAnalyzer Rule PSAvoidUsingComputerNameHardcoded" name="Testing all Script against default PSScriptAnalyzer rule-set.Testing Script 'C:\code\CredentialStore\modules\CredentialStore.AzureKeyVault\src\Set-CsKeyVaultEntry.ps1'.passes the PSScriptAnalyzer Rule PSAvoidUsingComputerNameHardcoded" time="0.0309" asserts="0" success="True" result="Success" executed="True" />
                  <test-case description="passes the PSScriptAnalyzer Rule PSAvoidUsingConvertToSecureStringWithPlainText" name="Testing all Script against default PSScriptAnalyzer rule-set.Testing Script 'C:\code\CredentialStore\modules\CredentialStore.AzureKeyVault\src\Set-CsKeyVaultEntry.ps1'.passes the PSScriptAnalyzer Rule PSAvoidUsingConvertToSecureStringWithPlainText" time="0.0336" asserts="0" success="True" result="Success" executed="True" />
                  <test-case description="passes the PSScriptAnalyzer Rule PSAvoidUsingInvokeExpression" name="Testing all Script against default PSScriptAnalyzer rule-set.Testing Script 'C:\code\CredentialStore\modules\CredentialStore.AzureKeyVault\src\Set-CsKeyVaultEntry.ps1'.passes the PSScriptAnalyzer Rule PSAvoidUsingInvokeExpression" time="0.0414" asserts="0" success="True" result="Success" executed="True" />
                  <test-case description="passes the PSScriptAnalyzer Rule PSAvoidUsingPlainTextForPassword" name="Testing all Script against default PSScriptAnalyzer rule-set.Testing Script 'C:\code\CredentialStore\modules\CredentialStore.AzureKeyVault\src\Set-CsKeyVaultEntry.ps1'.passes the PSScriptAnalyzer Rule PSAvoidUsingPlainTextForPassword" time="0.0611" asserts="0" success="True" result="Success" executed="True" />
                  <test-case description="passes the PSScriptAnalyzer Rule PSAvoidUsingWMICmdlet" name="Testing all Script against default PSScriptAnalyzer rule-set.Testing Script 'C:\code\CredentialStore\modules\CredentialStore.AzureKeyVault\src\Set-CsKeyVaultEntry.ps1'.passes the PSScriptAnalyzer Rule PSAvoidUsingWMICmdlet" time="0.0506" asserts="0" success="True" result="Success" executed="True" />
                  <test-case description="passes the PSScriptAnalyzer Rule PSAvoidUsingWriteHost" name="Testing all Script against default PSScriptAnalyzer rule-set.Testing Script 'C:\code\CredentialStore\modules\CredentialStore.AzureKeyVault\src\Set-CsKeyVaultEntry.ps1'.passes the PSScriptAnalyzer Rule PSAvoidUsingWriteHost" time="0.0623" asserts="0" success="True" result="Success" executed="True" />
                  <test-case description="passes the PSScriptAnalyzer Rule PSMisleadingBacktick" name="Testing all Script against default PSScriptAnalyzer rule-set.Testing Script 'C:\code\CredentialStore\modules\CredentialStore.AzureKeyVault\src\Set-CsKeyVaultEntry.ps1'.passes the PSScriptAnalyzer Rule PSMisleadingBacktick" time="0.0539" asserts="0" success="True" result="Success" executed="True" />
                  <test-case description="passes the PSScriptAnalyzer Rule PSUseBOMForUnicodeEncodedFile" name="Testing all Script against default PSScriptAnalyzer rule-set.Testing Script 'C:\code\CredentialStore\modules\CredentialStore.AzureKeyVault\src\Set-CsKeyVaultEntry.ps1'.passes the PSScriptAnalyzer Rule PSUseBOMForUnicodeEncodedFile" time="0.0434" asserts="0" success="True" result="Success" executed="True" />
                  <test-case description="passes the PSScriptAnalyzer Rule PSUseToExportFieldsInManifest" name="Testing all Script against default PSScriptAnalyzer rule-set.Testing Script 'C:\code\CredentialStore\modules\CredentialStore.AzureKeyVault\src\Set-CsKeyVaultEntry.ps1'.passes the PSScriptAnalyzer Rule PSUseToExportFieldsInManifest" time="0.0403" asserts="0" success="True" result="Success" executed="True" />
                  <test-case description="passes the PSScriptAnalyzer Rule PSUseOutputTypeCorrectly" name="Testing all Script against default PSScriptAnalyzer rule-set.Testing Script 'C:\code\CredentialStore\modules\CredentialStore.AzureKeyVault\src\Set-CsKeyVaultEntry.ps1'.passes the PSScriptAnalyzer Rule PSUseOutputTypeCorrectly" time="0.0508" asserts="0" success="True" result="Success" executed="True" />
                  <test-case description="passes the PSScriptAnalyzer Rule PSMissingModuleManifestField" name="Testing all Script against default PSScriptAnalyzer rule-set.Testing Script 'C:\code\CredentialStore\modules\CredentialStore.AzureKeyVault\src\Set-CsKeyVaultEntry.ps1'.passes the PSScriptAnalyzer Rule PSMissingModuleManifestField" time="0.0494" asserts="0" success="True" result="Success" executed="True" />
                  <test-case description="passes the PSScriptAnalyzer Rule PSPossibleIncorrectComparisonWithNull" name="Testing all Script against default PSScriptAnalyzer rule-set.Testing Script 'C:\code\CredentialStore\modules\CredentialStore.AzureKeyVault\src\Set-CsKeyVaultEntry.ps1'.passes the PSScriptAnalyzer Rule PSPossibleIncorrectComparisonWithNull" time="0.0597" asserts="0" success="True" result="Success" executed="True" />
                  <test-case description="passes the PSScriptAnalyzer Rule PSProvideCommentHelp" name="Testing all Script against default PSScriptAnalyzer rule-set.Testing Script 'C:\code\CredentialStore\modules\CredentialStore.AzureKeyVault\src\Set-CsKeyVaultEntry.ps1'.passes the PSScriptAnalyzer Rule PSProvideCommentHelp" time="0.0378" asserts="0" success="True" result="Success" executed="True" />
                  <test-case description="passes the PSScriptAnalyzer Rule PSUseApprovedVerbs" name="Testing all Script against default PSScriptAnalyzer rule-set.Testing Script 'C:\code\CredentialStore\modules\CredentialStore.AzureKeyVault\src\Set-CsKeyVaultEntry.ps1'.passes the PSScriptAnalyzer Rule PSUseApprovedVerbs" time="0.0328" asserts="0" success="True" result="Success" executed="True" />
                  <test-case description="passes the PSScriptAnalyzer Rule PSUseCmdletCorrectly" name="Testing all Script against default PSScriptAnalyzer rule-set.Testing Script 'C:\code\CredentialStore\modules\CredentialStore.AzureKeyVault\src\Set-CsKeyVaultEntry.ps1'.passes the PSScriptAnalyzer Rule PSUseCmdletCorrectly" time="0.0757" asserts="0" success="True" result="Success" executed="True" />
                  <test-case description="passes the PSScriptAnalyzer Rule PSUseDeclaredVarsMoreThanAssignments" name="Testing all Script against default PSScriptAnalyzer rule-set.Testing Script 'C:\code\CredentialStore\modules\CredentialStore.AzureKeyVault\src\Set-CsKeyVaultEntry.ps1'.passes the PSScriptAnalyzer Rule PSUseDeclaredVarsMoreThanAssignments" time="0.0387" asserts="0" success="True" result="Success" executed="True" />
                  <test-case description="passes the PSScriptAnalyzer Rule PSUsePSCredentialType" name="Testing all Script against default PSScriptAnalyzer rule-set.Testing Script 'C:\code\CredentialStore\modules\CredentialStore.AzureKeyVault\src\Set-CsKeyVaultEntry.ps1'.passes the PSScriptAnalyzer Rule PSUsePSCredentialType" time="0.0395" asserts="0" success="True" result="Success" executed="True" />
                  <test-case description="passes the PSScriptAnalyzer Rule PSShouldProcess" name="Testing all Script against default PSScriptAnalyzer rule-set.Testing Script 'C:\code\CredentialStore\modules\CredentialStore.AzureKeyVault\src\Set-CsKeyVaultEntry.ps1'.passes the PSScriptAnalyzer Rule PSShouldProcess" time="0.0483" asserts="0" success="True" result="Success" executed="True" />
                  <test-case description="passes the PSScriptAnalyzer Rule PSUseShouldProcessForStateChangingFunctions" name="Testing all Script against default PSScriptAnalyzer rule-set.Testing Script 'C:\code\CredentialStore\modules\CredentialStore.AzureKeyVault\src\Set-CsKeyVaultEntry.ps1'.passes the PSScriptAnalyzer Rule PSUseShouldProcessForStateChangingFunctions" time="0.0418" asserts="0" success="True" result="Success" executed="True" />
                  <test-case description="passes the PSScriptAnalyzer Rule PSUseSingularNouns" name="Testing all Script against default PSScriptAnalyzer rule-set.Testing Script 'C:\code\CredentialStore\modules\CredentialStore.AzureKeyVault\src\Set-CsKeyVaultEntry.ps1'.passes the PSScriptAnalyzer Rule PSUseSingularNouns" time="0.049" asserts="0" success="True" result="Success" executed="True" />
                  <test-case description="passes the PSScriptAnalyzer Rule PSUseUTF8EncodingForHelpFile" name="Testing all Script against default PSScriptAnalyzer rule-set.Testing Script 'C:\code\CredentialStore\modules\CredentialStore.AzureKeyVault\src\Set-CsKeyVaultEntry.ps1'.passes the PSScriptAnalyzer Rule PSUseUTF8EncodingForHelpFile" time="0.0553" asserts="0" success="True" result="Success" executed="True" />
                  <test-case description="passes the PSScriptAnalyzer Rule PSDSCDscTestsPresent" name="Testing all Script against default PSScriptAnalyzer rule-set.Testing Script 'C:\code\CredentialStore\modules\CredentialStore.AzureKeyVault\src\Set-CsKeyVaultEntry.ps1'.passes the PSScriptAnalyzer Rule PSDSCDscTestsPresent" time="0.0529" asserts="0" success="True" result="Success" executed="True" />
                  <test-case description="passes the PSScriptAnalyzer Rule PSDSCDscExamplesPresent" name="Testing all Script against default PSScriptAnalyzer rule-set.Testing Script 'C:\code\CredentialStore\modules\CredentialStore.AzureKeyVault\src\Set-CsKeyVaultEntry.ps1'.passes the PSScriptAnalyzer Rule PSDSCDscExamplesPresent" time="0.0436" asserts="0" success="True" result="Success" executed="True" />
                  <test-case description="passes the PSScriptAnalyzer Rule PSDSCUseVerboseMessageInDSCResource" name="Testing all Script against default PSScriptAnalyzer rule-set.Testing Script 'C:\code\CredentialStore\modules\CredentialStore.AzureKeyVault\src\Set-CsKeyVaultEntry.ps1'.passes the PSScriptAnalyzer Rule PSDSCUseVerboseMessageInDSCResource" time="0.0369" asserts="0" success="True" result="Success" executed="True" />
                  <test-case description="passes the PSScriptAnalyzer Rule PSDSCUseIdenticalMandatoryParametersForDSC" name="Testing all Script against default PSScriptAnalyzer rule-set.Testing Script 'C:\code\CredentialStore\modules\CredentialStore.AzureKeyVault\src\Set-CsKeyVaultEntry.ps1'.passes the PSScriptAnalyzer Rule PSDSCUseIdenticalMandatoryParametersForDSC" time="0.0402" asserts="0" success="True" result="Success" executed="True" />
                  <test-case description="passes the PSScriptAnalyzer Rule PSDSCUseIdenticalParametersForDSC" name="Testing all Script against default PSScriptAnalyzer rule-set.Testing Script 'C:\code\CredentialStore\modules\CredentialStore.AzureKeyVault\src\Set-CsKeyVaultEntry.ps1'.passes the PSScriptAnalyzer Rule PSDSCUseIdenticalParametersForDSC" time="0.0628" asserts="0" success="True" result="Success" executed="True" />
                  <test-case description="passes the PSScriptAnalyzer Rule PSDSCStandardDSCFunctionsInResource" name="Testing all Script against default PSScriptAnalyzer rule-set.Testing Script 'C:\code\CredentialStore\modules\CredentialStore.AzureKeyVault\src\Set-CsKeyVaultEntry.ps1'.passes the PSScriptAnalyzer Rule PSDSCStandardDSCFunctionsInResource" time="0.0697" asserts="0" success="True" result="Success" executed="True" />
                  <test-case description="passes the PSScriptAnalyzer Rule PSDSCReturnCorrectTypesForDSCFunctions" name="Testing all Script against default PSScriptAnalyzer rule-set.Testing Script 'C:\code\CredentialStore\modules\CredentialStore.AzureKeyVault\src\Set-CsKeyVaultEntry.ps1'.passes the PSScriptAnalyzer Rule PSDSCReturnCorrectTypesForDSCFunctions" time="0.049" asserts="0" success="True" result="Success" executed="True" />
                </results>
              </test-suite>
            </results>
          </test-suite>
        </results>
      </test-suite>
      <test-suite type="TestFixture" name="C:\code\CredentialStore\modules\CredentialStore.AzureKeyVault\tests\Set-CsKeyVaultEntry.Tests.ps1" executed="True" result="Success" success="True" time="0.3959" asserts="0" description="C:\code\CredentialStore\modules\CredentialStore.AzureKeyVault\tests\Set-CsKeyVaultEntry.Tests.ps1">
        <results>
          <test-suite type="TestFixture" name="Set-CsKeyVaultEntry" executed="True" result="Success" success="True" time="0.3959" asserts="0" description="Set-CsKeyVaultEntry">
            <results>
              <test-suite type="TestFixture" name="Adding a new Credential without description" executed="True" result="Success" success="True" time="0.1613" asserts="0" description="Adding a new Credential without description">
                <results>
                  <test-case description="should add the entry to the vault" name="Set-CsKeyVaultEntry.Adding a new Credential without description.should add the entry to the vault" time="0.1613" asserts="0" success="True" result="Success" executed="True" />
                </results>
              </test-suite>
              <test-suite type="TestFixture" name="Adding a new Credential with description" executed="True" result="Success" success="True" time="0.1125" asserts="0" description="Adding a new Credential with description">
                <results>
                  <test-case description="should add the entry to the vault" name="Set-CsKeyVaultEntry.Adding a new Credential with description.should add the entry to the vault" time="0.1125" asserts="0" success="True" result="Success" executed="True" />
                </results>
              </test-suite>
              <test-suite type="TestFixture" name="Pipeline support" executed="True" result="Success" success="True" time="0.1222" asserts="0" description="Pipeline support">
                <results>
                  <test-case description="should set the entries" name="Set-CsKeyVaultEntry.Pipeline support.should set the entries" time="0.1222" asserts="0" success="True" result="Success" executed="True" />
                </results>
              </test-suite>
            </results>
          </test-suite>
        </results>
      </test-suite>
    </results>
  </test-suite>
</test-results>